Log started 10/18/2024 at 10:54:01
Preferred installation mode : unattended
Trying to init installer in mode unattended
Mode unattended successfully initialized
[10:54:01] deletelist = 
[10:54:01] paddedversion = 12.8.0.03471
[10:54:01] eclipsedir = /home/spire/ti/ccs1281/ccs/eclipse
[10:54:01] eclipseexe = /home/spire/ti/ccs1281/ccs/eclipse/eclipse; p2app = com.ti.ccstudio.p2app
[10:54:01] eclipsecmd /home/spire/ti/ccs1281/ccs/eclipse/eclipse  -application com.ti.ccstudio.p2app -installiu com.ti.ccstudio.base.feature.group -repository "file://home/spire/ti/ccs1281/ccs/ccs_base/dsbuildrepo" -destination "/home/spire/ti/ccs1281/ccs/eclipse" -nosplash
[10:54:01] eclipsecmd /home/spire/ti/ccs1281/ccs/eclipse/eclipse  -application com.ti.ccstudio.p2app -uninstalliu com.ti.ccstudio.base.feature.group -destination "/home/spire/ti/ccs1281/ccs/eclipse" -nosplash
[10:54:01] eclipsecmd /home/spire/ti/ccs1281/ccs/eclipse/eclipse  -application com.ti.ccstudio.p2app -removerepo "file://home/spire/ti/ccs1281/ccs/ccs_base/dsbuildrepo" -destination "/home/spire/ti/ccs1281/ccs/eclipse" -nosplash
Preparing to Install
Preparing to Install
[10:54:01] Non-Uniflash connection files unpacking: Uniflash=false,uniflash=false
Directory already exists: /home/spire/ti/ccs1281/ccs/ccs_base
Unpacking files
Directory already exists: /home/spire/ti/ccs1281/ccs/ccs_base
Directory already exists: /home/spire/ti/ccs1281/ccs/ccs_base/DebugServer
Directory already exists: /home/spire/ti/ccs1281/ccs/ccs_base/DebugServer/drivers
Directory already exists: /home/spire/ti/ccs1281/ccs/ccs_base/DebugServer/bin
Creating directory /home/spire/ti/ccs1281/ccs/ccs_base/DebugServer/bin/SerializedProfileActivities
Creating directory /home/spire/ti/ccs1281/ccs/ccs_base/DebugServer/CacheInfo
Creating directory /home/spire/ti/ccs1281/ccs/ccs_base/DebugServer/CacheInfo/include
Creating directory /home/spire/ti/ccs1281/ccs/ccs_base/DebugServer/components
Directory already exists: /home/spire/ti/ccs1281/ccs/ccs_base/DebugServer/propertyDB
Creating directory /home/spire/ti/ccs1281/ccs/ccs_base/DebugServer/packages
Creating directory /home/spire/ti/ccs1281/ccs/ccs_base/DebugServer/packages/ti
Creating directory /home/spire/ti/ccs1281/ccs/ccs_base/DebugServer/packages/ti/dss
Creating directory /home/spire/ti/ccs1281/ccs/ccs_base/DebugServer/packages/ti/dss/java
Creating directory /home/spire/ti/ccs1281/ccs/ccs_base/DebugServer/packages/ti/dss/package
Creating directory /home/spire/ti/ccs1281/ccs/ccs_base/DebugServer/scripts
Creating directory /home/spire/ti/ccs1281/ccs/ccs_base/DebugServer/schemas
Unpacking files
Unpacking /home/spire/ti/ccs1281/ccs/ccs_base/DebugServer/drivers/libXPCOMToGTIAdapter.so
Unpacking /home/spire/ti/ccs1281/ccs/ccs_base/DebugServer/drivers/libmsp430_emu.so
Unpacking /home/spire/ti/ccs1281/ccs/ccs_base/DebugServer/bin/DSLiteNW.node
Unpacking /home/spire/ti/ccs1281/ccs/ccs_base/DebugServer/bin/libDirectoryService.so
Unpacking /home/spire/ti/ccs1281/ccs/ccs_base/DebugServer/bin/libDebugServer.so
Unpacking /home/spire/ti/ccs1281/ccs/ccs_base/DebugServer/bin/libDebugProperties.so
Unpacking /home/spire/ti/ccs1281/ccs/ccs_base/DebugServer/bin/libUARTMonitor.so
Unpacking /home/spire/ti/ccs1281/ccs/ccs_base/DebugServer/bin/libXPCOMTILogger.so
Unpacking /home/spire/ti/ccs1281/ccs/ccs_base/DebugServer/bin/libDataSnapshotDecoder.so
Unpacking /home/spire/ti/ccs1281/ccs/ccs_base/DebugServer/bin/libSerialFlashProgrammer.so
Unpacking /home/spire/ti/ccs1281/ccs/ccs_base/DebugServer/bin/libGTIRemoteProxy.so
Unpacking /home/spire/ti/ccs1281/ccs/ccs_base/DebugServer/bin/libDummyGTIDriver.so
Unpacking /home/spire/ti/ccs1281/ccs/ccs_base/DebugServer/bin/liblldbSM.so.16git
Unpacking /home/spire/ti/ccs1281/ccs/ccs_base/DebugServer/DeleteMe.txt
Unpacking /home/spire/ti/ccs1281/ccs/ccs_base/DebugServer/bin/ofs_proxy_test
Unpacking /home/spire/ti/ccs1281/ccs/ccs_base/DebugServer/bin/DSLite
Unpacking /home/spire/ti/ccs1281/ccs/ccs_base/DebugServer/bin/FlashPythonSubprocess
Unpacking /home/spire/ti/ccs1281/ccs/ccs_base/DebugServer/bin/mspdebug
Unpacking /home/spire/ti/ccs1281/ccs/ccs_base/DebugServer/bin/GTIRemoteProxyServer
Unpacking /home/spire/ti/ccs1281/ccs/ccs_base/DebugServer/bin/ofs_dump
Unpacking /home/spire/ti/ccs1281/ccs/ccs_base/DebugServer/bin/libtiofr11.so
Unpacking /home/spire/ti/ccs1281/ccs/ccs_base/DebugServer/bin/drive_ofs
Unpacking /home/spire/ti/ccs1281/ccs/ccs_base/DebugServer/bin/DSLiteNode.node
Unpacking /home/spire/ti/ccs1281/ccs/ccs_base/DebugServer/bin/libtiofr_gnu.so
Unpacking /home/spire/ti/ccs1281/ccs/ccs_base/DebugServer/bin/libXPCOMUtility.so
Unpacking /home/spire/ti/ccs1281/ccs/ccs_base/DebugServer/bin/ofs_gdb
Unpacking /home/spire/ti/ccs1281/ccs/ccs_base/DebugServer/bin/libti_xpcom.so
Unpacking /home/spire/ti/ccs1281/ccs/ccs_base/DebugServer/bin/GTIRemoteProxyServer.js
Unpacking /home/spire/ti/ccs1281/ccs/ccs_base/DebugServer/bin/libtiofr_tial.so
Unpacking /home/spire/ti/ccs1281/ccs/ccs_base/DebugServer/bin/libLinuxDriver.so
Unpacking /home/spire/ti/ccs1281/ccs/ccs_base/DebugServer/bin/SerializedProfileActivities/ARMProfileFunctionsCPUCycles.prof_ini
Unpacking /home/spire/ti/ccs1281/ccs/ccs_base/DebugServer/bin/SerializedProfileActivities/ProfileFunctionsInstructionsDecoded.prof_ini
Unpacking /home/spire/ti/ccs1281/ccs/ccs_base/DebugServer/bin/SerializedProfileActivities/coverageTMS470.prof_ini
Unpacking /home/spire/ti/ccs1281/ccs/ccs_base/DebugServer/bin/SerializedProfileActivities/coveragec55x.prof_ini
Unpacking /home/spire/ti/ccs1281/ccs/ccs_base/DebugServer/bin/SerializedProfileActivities/coveragec55xp.prof_ini
Unpacking /home/spire/ti/ccs1281/ccs/ccs_base/DebugServer/bin/SerializedProfileActivities/ProfileFunctionsTotalCycles.prof_ini
Unpacking /home/spire/ti/ccs1281/ccs/ccs_base/DebugServer/bin/SerializedProfileActivities/ProfileFunctionsHW.prof_ini
Unpacking /home/spire/ti/ccs1281/ccs/ccs_base/DebugServer/bin/SerializedProfileActivities/coveragec6x.prof_ini
Unpacking /home/spire/ti/ccs1281/ccs/ccs_base/DebugServer/bin/SerializedProfileActivities/ProfileFunctionsCPUCycles.prof_ini
Unpacking /home/spire/ti/ccs1281/ccs/ccs_base/DebugServer/CacheInfo/TMS320C645X_Himalaya_sim.xml
Unpacking /home/spire/ti/ccs1281/ccs/ccs_base/DebugServer/CacheInfo/TMS320C64XX_Himalaya.xml
Unpacking /home/spire/ti/ccs1281/ccs/ccs_base/DebugServer/CacheInfo/TMS320C645X.xml
Unpacking /home/spire/ti/ccs1281/ccs/ccs_base/DebugServer/CacheInfo/TMS320C64XX_Faraday.xml
Unpacking /home/spire/ti/ccs1281/ccs/ccs_base/DebugServer/CacheInfo/TMS320C64XX_Curie.xml
Unpacking /home/spire/ti/ccs1281/ccs/ccs_base/DebugServer/CacheInfo/TMS320C64XX_OMAP2430.xml
Unpacking /home/spire/ti/ccs1281/ccs/ccs_base/DebugServer/CacheInfo/TMS320C64XX_DM6437.xml
Unpacking /home/spire/ti/ccs1281/ccs/ccs_base/DebugServer/CacheInfo/TMS320C64XX_index_sim.xml
Unpacking /home/spire/ti/ccs1281/ccs/ccs_base/DebugServer/CacheInfo/TMS320C64XX.xml
Unpacking /home/spire/ti/ccs1281/ccs/ccs_base/DebugServer/CacheInfo/TMS470R3XX.xml
Unpacking /home/spire/ti/ccs1281/ccs/ccs_base/DebugServer/CacheInfo/TMS320C66XX_Nyquist.xml
Unpacking /home/spire/ti/ccs1281/ccs/ccs_base/DebugServer/CacheInfo/TMS470R15XX.xml
Unpacking /home/spire/ti/ccs1281/ccs/ccs_base/DebugServer/CacheInfo/TMS320C66XX_index.xml
Unpacking /home/spire/ti/ccs1281/ccs/ccs_base/DebugServer/CacheInfo/TMS470R2XXsim.xml
Unpacking /home/spire/ti/ccs1281/ccs/ccs_base/DebugServer/CacheInfo/TMS320C64XX_Kailash.xml
Unpacking /home/spire/ti/ccs1281/ccs/ccs_base/DebugServer/CacheInfo/TMS320C66XX.xml
Unpacking /home/spire/ti/ccs1281/ccs/ccs_base/DebugServer/CacheInfo/TMS320C645X_Curie_sim.xml
Unpacking /home/spire/ti/ccs1281/ccs/ccs_base/DebugServer/CacheInfo/TMS320C645Xsim.xml
Unpacking /home/spire/ti/ccs1281/ccs/ccs_base/DebugServer/CacheInfo/TMS470RCXX.xml
Unpacking /home/spire/ti/ccs1281/ccs/ccs_base/DebugServer/CacheInfo/TMS320C645X_DaVinci_sim.xml
Unpacking /home/spire/ti/ccs1281/ccs/ccs_base/DebugServer/CacheInfo/TMS320C646X_Tesla.xml
Unpacking /home/spire/ti/ccs1281/ccs/ccs_base/DebugServer/CacheInfo/TMS470R9XX.xml
Unpacking /home/spire/ti/ccs1281/ccs/ccs_base/DebugServer/CacheInfo/TMS320C71XX.xml
Unpacking /home/spire/ti/ccs1281/ccs/ccs_base/DebugServer/CacheInfo/TMS320C674X.xml
Unpacking /home/spire/ti/ccs1281/ccs/ccs_base/DebugServer/CacheInfo/TMS320C64XX_Tomahawk.xml
Unpacking /home/spire/ti/ccs1281/ccs/ccs_base/DebugServer/CacheInfo/TMS320C6416.xml
Unpacking /home/spire/ti/ccs1281/ccs/ccs_base/DebugServer/CacheInfo/TMS470R3XXsim.xml
Unpacking /home/spire/ti/ccs1281/ccs/ccs_base/DebugServer/CacheInfo/TMS320C64XX_DaVinci.xml
Unpacking /home/spire/ti/ccs1281/ccs/ccs_base/DebugServer/CacheInfo/devicedb.cache
Unpacking /home/spire/ti/ccs1281/ccs/ccs_base/DebugServer/CacheInfo/TMS320C64XX_DM6467.xml
Unpacking /home/spire/ti/ccs1281/ccs/ccs_base/DebugServer/CacheInfo/TMS470R2XX.xml
Unpacking /home/spire/ti/ccs1281/ccs/ccs_base/DebugServer/CacheInfo/TMS320C64XX_Primus_sim.xml
Unpacking /home/spire/ti/ccs1281/ccs/ccs_base/DebugServer/CacheInfo/TMS320C64XX_index.xml
Unpacking /home/spire/ti/ccs1281/ccs/ccs_base/DebugServer/CacheInfo/include/TestMMU_ARMCortexA8_RegisterBase.xml
Unpacking /home/spire/ti/ccs1281/ccs/ccs_base/DebugServer/CacheInfo/include/TMS320C64XXPlus_L3_ROM.xml
Unpacking /home/spire/ti/ccs1281/ccs/ccs_base/DebugServer/CacheInfo/include/TMS320C71XX_RegisterBase.xml
Unpacking /home/spire/ti/ccs1281/ccs/ccs_base/DebugServer/CacheInfo/include/TestMMU_RegisterBase.xml
Unpacking /home/spire/ti/ccs1281/ccs/ccs_base/DebugServer/CacheInfo/include/TMS320C64XXPlus_ExternalData.xml
Unpacking /home/spire/ti/ccs1281/ccs/ccs_base/DebugServer/CacheInfo/include/TMS320C64XXPlus_RegisterBase.xml
Unpacking /home/spire/ti/ccs1281/ccs/ccs_base/DebugServer/CacheInfo/include/TestMMU_ARM11_RegisterBase.xml
Unpacking /home/spire/ti/ccs1281/ccs/ccs_base/DebugServer/CacheInfo/include/TMS320C64XXPlus_SharedL2.xml
Unpacking /home/spire/ti/ccs1281/ccs/ccs_base/DebugServer/CacheInfo/include/TMS320C64XXPlus_DecoderBase.xml
Unpacking /home/spire/ti/ccs1281/ccs/ccs_base/DebugServer/CacheInfo/include/TMS320C71XX_DecoderBase.xml
Unpacking /home/spire/ti/ccs1281/ccs/ccs_base/DebugServer/CacheInfo/include/TMS470R15XX_RegisterBase.xml
Unpacking /home/spire/ti/ccs1281/ccs/ccs_base/DebugServer/CacheInfo/include/TMS470R2XX_RegisterBase.xml
Unpacking /home/spire/ti/ccs1281/ccs/ccs_base/DebugServer/CacheInfo/include/TMS470_DecoderBase.xml
Unpacking /home/spire/ti/ccs1281/ccs/ccs_base/DebugServer/CacheInfo/include/TMS470RCXX_RegisterBase.xml
Unpacking /home/spire/ti/ccs1281/ccs/ccs_base/DebugServer/CacheInfo/include/TMS470R3XX_RegisterBase.xml
Unpacking /home/spire/ti/ccs1281/ccs/ccs_base/DebugServer/CacheInfo/include/Tesla_MemoryBase.xml
Unpacking /home/spire/ti/ccs1281/ccs/ccs_base/DebugServer/CacheInfo/include/Tesla_RegisterBase.xml
Unpacking /home/spire/ti/ccs1281/ccs/ccs_base/DebugServer/CacheInfo/include/Tesla_DecoderBase.xml
Unpacking /home/spire/ti/ccs1281/ccs/ccs_base/DebugServer/CacheInfo/include/TMS320C71XX_MemoryBase.xml
Unpacking /home/spire/ti/ccs1281/ccs/ccs_base/DebugServer/CacheInfo/include/TMS320C64XXPlus_MemoryBaseV2.xml
Unpacking /home/spire/ti/ccs1281/ccs/ccs_base/DebugServer/CacheInfo/include/TMS320C64XXPlus_SharedMemory.xml
Unpacking /home/spire/ti/ccs1281/ccs/ccs_base/DebugServer/CacheInfo/include/TMS470R9XX_RegisterBase.xml
Unpacking /home/spire/ti/ccs1281/ccs/ccs_base/DebugServer/CacheInfo/include/TMS470_MemoryBase.xml
Unpacking /home/spire/ti/ccs1281/ccs/ccs_base/DebugServer/CacheInfo/include/TestMMU_ARM9_RegisterBase.xml
Unpacking /home/spire/ti/ccs1281/ccs/ccs_base/DebugServer/CacheInfo/include/TMS320C64XXPlus_MemoryBase.xml
Unpacking /home/spire/ti/ccs1281/ccs/ccs_base/DebugServer/components/dsIDspUserBreakpoints.xpt
Unpacking /home/spire/ti/ccs1281/ccs/ccs_base/DebugServer/components/dsIStringEvent.xpt
Unpacking /home/spire/ti/ccs1281/ccs/ccs_base/DebugServer/components/dsILocation.xpt
Unpacking /home/spire/ti/ccs1281/ccs/ccs_base/DebugServer/components/dsIEnumType.xpt
Unpacking /home/spire/ti/ccs1281/ccs/ccs_base/DebugServer/components/dsIFileInfo.xpt
Unpacking /home/spire/ti/ccs1281/ccs/ccs_base/DebugServer/components/dsIArrayLocation.xpt
Unpacking /home/spire/ti/ccs1281/ccs/ccs_base/DebugServer/components/dsIReferenceType.xpt
Unpacking /home/spire/ti/ccs1281/ccs/ccs_base/DebugServer/components/dsIResetCollection.xpt
Unpacking /home/spire/ti/ccs1281/ccs/ccs_base/DebugServer/components/dsILegacyDisassembler.xpt
Unpacking /home/spire/ti/ccs1281/ccs/ccs_base/DebugServer/components/dsIBooleanEventCallback.xpt
Unpacking /home/spire/ti/ccs1281/ccs/ccs_base/DebugServer/components/dsIC71CacheTagRamReader.xpt
Unpacking /home/spire/ti/ccs1281/ccs/ccs_base/DebugServer/components/dsIGetStream.xpt
Unpacking /home/spire/ti/ccs1281/ccs/ccs_base/DebugServer/components/dsISourceFileResolveEventData.xpt
Unpacking /home/spire/ti/ccs1281/ccs/ccs_base/DebugServer/components/dsIDebugProperties.xpt
Unpacking /home/spire/ti/ccs1281/ccs/ccs_base/DebugServer/components/dsIDisAsmSourceLine.xpt
Unpacking /home/spire/ti/ccs1281/ccs/ccs_base/DebugServer/components/dsIDebugPropertiesEvents.xpt
Unpacking /home/spire/ti/ccs1281/ccs/ccs_base/DebugServer/components/dsIBreakpointIntegerProperty.xpt
Unpacking /home/spire/ti/ccs1281/ccs/ccs_base/DebugServer/components/dsITargetIOEventData.xpt
Unpacking /home/spire/ti/ccs1281/ccs/ccs_base/DebugServer/components/nsILocalFileWin.xpt
Unpacking /home/spire/ti/ccs1281/ccs/ccs_base/DebugServer/components/nsILocalFile.xpt
Unpacking /home/spire/ti/ccs1281/ccs/ccs_base/DebugServer/components/dsIPriorityEventData.xpt
Unpacking /home/spire/ti/ccs1281/ccs/ccs_base/DebugServer/components/dsIMemoryLevelAttributes.xpt
Unpacking /home/spire/ti/ccs1281/ccs/ccs_base/DebugServer/components/dsIRawMemoryRange.xpt
Unpacking /home/spire/ti/ccs1281/ccs/ccs_base/DebugServer/components/dsIPointerValue.xpt
Unpacking /home/spire/ti/ccs1281/ccs/ccs_base/DebugServer/components/dsIDisAsmManager.xpt
Unpacking /home/spire/ti/ccs1281/ccs/ccs_base/DebugServer/components/dsIGELTextOutEventData.xpt
Unpacking /home/spire/ti/ccs1281/ccs/ccs_base/DebugServer/components/dsICacheTagRamDatas.xpt
Unpacking /home/spire/ti/ccs1281/ccs/ccs_base/DebugServer/components/dsIGelMenu.xpt
Unpacking /home/spire/ti/ccs1281/ccs/ccs_base/DebugServer/components/dsIResetControlEvents.xpt
Unpacking /home/spire/ti/ccs1281/ccs/ccs_base/DebugServer/components/javacomponents.txt
Unpacking /home/spire/ti/ccs1281/ccs/ccs_base/DebugServer/components/dsICompoundLocation.xpt
Unpacking /home/spire/ti/ccs1281/ccs/ccs_base/DebugServer/components/dsIOSObject.xpt
Unpacking /home/spire/ti/ccs1281/ccs/ccs_base/DebugServer/components/dsIFunctionInfo.xpt
Unpacking /home/spire/ti/ccs1281/ccs/ccs_base/DebugServer/components/dsIDisAsmLabelList.xpt
Unpacking /home/spire/ti/ccs1281/ccs/ccs_base/DebugServer/components/dsIBreakpointActionParameter.xpt
Unpacking /home/spire/ti/ccs1281/ccs/ccs_base/DebugServer/components/dsIOutputStream.xpt
Unpacking /home/spire/ti/ccs1281/ccs/ccs_base/DebugServer/components/dsIRegisterBitfieldEnum.xpt
Unpacking /home/spire/ti/ccs1281/ccs/ccs_base/DebugServer/components/dsISectionInfo.xpt
Unpacking /home/spire/ti/ccs1281/ccs/ccs_base/DebugServer/components/dsISymbolInfo.xpt
Unpacking /home/spire/ti/ccs1281/ccs/ccs_base/DebugServer/components/dsIRunControlEvents.xpt
Unpacking /home/spire/ti/ccs1281/ccs/ccs_base/DebugServer/components/dsIRefreshEvents.xpt
Unpacking /home/spire/ti/ccs1281/ccs/ccs_base/DebugServer/components/dsICallStackEventData.xpt
Unpacking /home/spire/ti/ccs1281/ccs/ccs_base/DebugServer/components/dsIMessageDialog.xpt
Unpacking /home/spire/ti/ccs1281/ccs/ccs_base/DebugServer/components/dsINamedObject.xpt
Unpacking /home/spire/ti/ccs1281/ccs/ccs_base/DebugServer/components/dsIStream.xpt
Unpacking /home/spire/ti/ccs1281/ccs/ccs_base/DebugServer/components/dsICallStackRequestor.xpt
Unpacking /home/spire/ti/ccs1281/ccs/ccs_base/DebugServer/components/dsIProgressTaskData.xpt
Unpacking /home/spire/ti/ccs1281/ccs/ccs_base/DebugServer/components/nsIFile.xpt
Unpacking /home/spire/ti/ccs1281/ccs/ccs_base/DebugServer/components/dsIGelFile.xpt
Unpacking /home/spire/ti/ccs1281/ccs/ccs_base/DebugServer/components/dsIGroup.xpt
Unpacking /home/spire/ti/ccs1281/ccs/ccs_base/DebugServer/components/nsIObjectOutputStream.xpt
Unpacking /home/spire/ti/ccs1281/ccs/ccs_base/DebugServer/components/dsIBreakpointStringProperty.xpt
Unpacking /home/spire/ti/ccs1281/ccs/ccs_base/DebugServer/components/dsIMemoryLevelInfos.xpt
Unpacking /home/spire/ti/ccs1281/ccs/ccs_base/DebugServer/components/dsIStackAnalysisEventData.xpt
Unpacking /home/spire/ti/ccs1281/ccs/ccs_base/DebugServer/components/dsIProperties.xpt
Unpacking /home/spire/ti/ccs1281/ccs/ccs_base/DebugServer/components/dsIGetBreakpointManager.xpt
Unpacking /home/spire/ti/ccs1281/ccs/ccs_base/DebugServer/components/dsIGetPhysicalMappingLookup.xpt
Unpacking /home/spire/ti/ccs1281/ccs/ccs_base/DebugServer/components/dsIDisAsmAlignResult.xpt
Unpacking /home/spire/ti/ccs1281/ccs/ccs_base/DebugServer/components/dsIBreakpointException.xpt
Unpacking /home/spire/ti/ccs1281/ccs/ccs_base/DebugServer/components/dsIDeviceInfo.xpt
Unpacking /home/spire/ti/ccs1281/ccs/ccs_base/DebugServer/components/dsIGetStateStorage.xpt
Unpacking /home/spire/ti/ccs1281/ccs/ccs_base/DebugServer/components/dsIBooleanEvent.xpt
Unpacking /home/spire/ti/ccs1281/ccs/ccs_base/DebugServer/components/dsIStepping.xpt
Unpacking /home/spire/ti/ccs1281/ccs/ccs_base/DebugServer/components/nsILocalFileMac.xpt
Unpacking /home/spire/ti/ccs1281/ccs/ccs_base/DebugServer/components/dsIFileLoadedEventData.xpt
Unpacking /home/spire/ti/ccs1281/ccs/ccs_base/DebugServer/components/dsISymbolManagerEvents.xpt
Unpacking /home/spire/ti/ccs1281/ccs/ccs_base/DebugServer/components/dsIRegisterAccessEventData.xpt
Unpacking /home/spire/ti/ccs1281/ccs/ccs_base/DebugServer/components/dsICExprEvaluatedEventData.xpt
Unpacking /home/spire/ti/ccs1281/ccs/ccs_base/DebugServer/components/dsIArithmeticType.xpt
Unpacking /home/spire/ti/ccs1281/ccs/ccs_base/DebugServer/components/dsIGetStringReader.xpt
Unpacking /home/spire/ti/ccs1281/ccs/ccs_base/DebugServer/components/nsIOutputStream.xpt
Unpacking /home/spire/ti/ccs1281/ccs/ccs_base/DebugServer/components/dsIGetCacheTagRamReader.xpt
Unpacking /home/spire/ti/ccs1281/ccs/ccs_base/DebugServer/components/dsIReset.xpt
Unpacking /home/spire/ti/ccs1281/ccs/ccs_base/DebugServer/components/dsIObjectEventCallback.xpt
Unpacking /home/spire/ti/ccs1281/ccs/ccs_base/DebugServer/components/dsIBreakpoint.xpt
Unpacking /home/spire/ti/ccs1281/ccs/ccs_base/DebugServer/components/nsIProperties.xpt
Unpacking /home/spire/ti/ccs1281/ccs/ccs_base/DebugServer/components/nsISimpleEnumerator.xpt
Unpacking /home/spire/ti/ccs1281/ccs/ccs_base/DebugServer/components/nsITimelineService.xpt
Unpacking /home/spire/ti/ccs1281/ccs/ccs_base/DebugServer/components/dsITimelineManager.xpt
Unpacking /home/spire/ti/ccs1281/ccs/ccs_base/DebugServer/components/dsISymbolAccess.xpt
Unpacking /home/spire/ti/ccs1281/ccs/ccs_base/DebugServer/components/dsIInputStream.xpt
Unpacking /home/spire/ti/ccs1281/ccs/ccs_base/DebugServer/components/nsIComponentManager.xpt
Unpacking /home/spire/ti/ccs1281/ccs/ccs_base/DebugServer/components/dsIDisAsmResult.xpt
Unpacking /home/spire/ti/ccs1281/ccs/ccs_base/DebugServer/components/dsIDebugPropertiesManager.xpt
Unpacking /home/spire/ti/ccs1281/ccs/ccs_base/DebugServer/components/dsISymbolPackage.xpt
Unpacking /home/spire/ti/ccs1281/ccs/ccs_base/DebugServer/components/dsIWebsocket.xpt
Unpacking /home/spire/ti/ccs1281/ccs/ccs_base/DebugServer/components/dsIPrimitiveLocation.xpt
Unpacking /home/spire/ti/ccs1281/ccs/ccs_base/DebugServer/components/dsIRegisterServer.xpt
Unpacking /home/spire/ti/ccs1281/ccs/ccs_base/DebugServer/components/dsIMemoryMap.xpt
Unpacking /home/spire/ti/ccs1281/ccs/ccs_base/DebugServer/components/dsIExpressionEvaluation.xpt
Unpacking /home/spire/ti/ccs1281/ccs/ccs_base/DebugServer/components/dsIBreakpointEventData.xpt
Unpacking /home/spire/ti/ccs1281/ccs/ccs_base/DebugServer/components/dsIBuildAttributeVendor.xpt
Unpacking /home/spire/ti/ccs1281/ccs/ccs_base/DebugServer/components/dsIRefreshableView.xpt
Unpacking /home/spire/ti/ccs1281/ccs/ccs_base/DebugServer/components/dsIBreakpointBooleanProperty.xpt
Unpacking /home/spire/ti/ccs1281/ccs/ccs_base/DebugServer/components/dsIConnectDisconnectEvents.xpt
Unpacking /home/spire/ti/ccs1281/ccs/ccs_base/DebugServer/components/components.txt
Unpacking /home/spire/ti/ccs1281/ccs/ccs_base/DebugServer/components/dsIStateStorageManager.xpt
Unpacking /home/spire/ti/ccs1281/ccs/ccs_base/DebugServer/components/dsIDeviceCollection.xpt
Unpacking /home/spire/ti/ccs1281/ccs/ccs_base/DebugServer/components/dsILoopInfo.xpt
Unpacking /home/spire/ti/ccs1281/ccs/ccs_base/DebugServer/components/dsIBreakpointLocations.xpt
Unpacking /home/spire/ti/ccs1281/ccs/ccs_base/DebugServer/components/dsITargetPropertyData.xpt
Unpacking /home/spire/ti/ccs1281/ccs/ccs_base/DebugServer/components/dsIOSAwareManager.xpt
Unpacking /home/spire/ti/ccs1281/ccs/ccs_base/DebugServer/components/dsIRegisterAccess.xpt
Unpacking /home/spire/ti/ccs1281/ccs/ccs_base/DebugServer/components/nsIDirectoryEnumerator.xpt
Unpacking /home/spire/ti/ccs1281/ccs/ccs_base/DebugServer/components/dsITransaction.xpt
Unpacking /home/spire/ti/ccs1281/ccs/ccs_base/DebugServer/components/dsIBreakpointManagerEvents.xpt
Unpacking /home/spire/ti/ccs1281/ccs/ccs_base/DebugServer/components/dsICacheTagRamReader.xpt
Unpacking /home/spire/ti/ccs1281/ccs/ccs_base/DebugServer/components/dsIMemoryAccess.xpt
Unpacking /home/spire/ti/ccs1281/ccs/ccs_base/DebugServer/components/dsIStringListProperty.xpt
Unpacking /home/spire/ti/ccs1281/ccs/ccs_base/DebugServer/components/dsIDisAsmPatchResult.xpt
Unpacking /home/spire/ti/ccs1281/ccs/ccs_base/DebugServer/components/dsIOverflowException.xpt
Unpacking /home/spire/ti/ccs1281/ccs/ccs_base/DebugServer/components/dsIResetControl.xpt
Unpacking /home/spire/ti/ccs1281/ccs/ccs_base/DebugServer/components/dsILValue.xpt
Unpacking /home/spire/ti/ccs1281/ccs/ccs_base/DebugServer/components/dsIDebuggable.xpt
Unpacking /home/spire/ti/ccs1281/ccs/ccs_base/DebugServer/components/dsIRouterSystemFeatures.xpt
Unpacking /home/spire/ti/ccs1281/ccs/ccs_base/DebugServer/components/dsIMemoryLevelInfo.xpt
Unpacking /home/spire/ti/ccs1281/ccs/ccs_base/DebugServer/components/dsIOSAwareManagerEvents.xpt
Unpacking /home/spire/ti/ccs1281/ccs/ccs_base/DebugServer/components/dsIChoiceListProperty.xpt
Unpacking /home/spire/ti/ccs1281/ccs/ccs_base/DebugServer/components/dsIGetRegisterServer.xpt
Unpacking /home/spire/ti/ccs1281/ccs/ccs_base/DebugServer/components/nsIBinaryInputStream.xpt
Unpacking /home/spire/ti/ccs1281/ccs/ccs_base/DebugServer/components/dsIGetResetControl.xpt
Unpacking /home/spire/ti/ccs1281/ccs/ccs_base/DebugServer/components/dsICallStacks.xpt
Unpacking /home/spire/ti/ccs1281/ccs/ccs_base/DebugServer/components/dsIMemory.xpt
Unpacking /home/spire/ti/ccs1281/ccs/ccs_base/DebugServer/components/dsISymbolSearchResults.xpt
Unpacking /home/spire/ti/ccs1281/ccs/ccs_base/DebugServer/components/dsIInternal.xpt
Unpacking /home/spire/ti/ccs1281/ccs/ccs_base/DebugServer/components/nsIXPTLoader.xpt
Unpacking /home/spire/ti/ccs1281/ccs/ccs_base/DebugServer/components/dsIRegisters.xpt
Unpacking /home/spire/ti/ccs1281/ccs/ccs_base/DebugServer/components/dsIGelFiles.xpt
Unpacking /home/spire/ti/ccs1281/ccs/ccs_base/DebugServer/components/dsIProfileClockManager.xpt
Unpacking /home/spire/ti/ccs1281/ccs/ccs_base/DebugServer/components/dsIGlobalBreakpoints.xpt
Unpacking /home/spire/ti/ccs1281/ccs/ccs_base/DebugServer/components/dsISimpleEvent.xpt
Unpacking /home/spire/ti/ccs1281/ccs/ccs_base/DebugServer/components/dsIRegisterBitfield.xpt
Unpacking /home/spire/ti/ccs1281/ccs/ccs_base/DebugServer/components/dsIBuildAttributeVector.xpt
Unpacking /home/spire/ti/ccs1281/ccs/ccs_base/DebugServer/components/dsIRunControl.xpt
Unpacking /home/spire/ti/ccs1281/ccs/ccs_base/DebugServer/components/dsIFunctionInfoList.xpt
Unpacking /home/spire/ti/ccs1281/ccs/ccs_base/DebugServer/components/nsISupportsArray.xpt
Unpacking /home/spire/ti/ccs1281/ccs/ccs_base/DebugServer/components/dsITargetProperties.xpt
Unpacking /home/spire/ti/ccs1281/ccs/ccs_base/DebugServer/components/dsIBreakpointLocationProperty.xpt
Unpacking /home/spire/ti/ccs1281/ccs/ccs_base/DebugServer/components/dsIMemoryAccessEventData.xpt
Unpacking /home/spire/ti/ccs1281/ccs/ccs_base/DebugServer/components/dsITarget.xpt
Unpacking /home/spire/ti/ccs1281/ccs/ccs_base/DebugServer/components/nsIEnumerator.xpt
Unpacking /home/spire/ti/ccs1281/ccs/ccs_base/DebugServer/components/dsIImplementationComparable.xpt
Unpacking /home/spire/ti/ccs1281/ccs/ccs_base/DebugServer/components/dsIU64TypeTest.xpt
Unpacking /home/spire/ti/ccs1281/ccs/ccs_base/DebugServer/components/dsIRegister.xpt
Unpacking /home/spire/ti/ccs1281/ccs/ccs_base/DebugServer/components/dsIProgressTasks.xpt
Unpacking /home/spire/ti/ccs1281/ccs/ccs_base/DebugServer/components/nsIObjectInputStream.xpt
Unpacking /home/spire/ti/ccs1281/ccs/ccs_base/DebugServer/components/dsIFlashProgrammerManager.xpt
Unpacking /home/spire/ti/ccs1281/ccs/ccs_base/DebugServer/components/dsIConnectDisconnect.xpt
Unpacking /home/spire/ti/ccs1281/ccs/ccs_base/DebugServer/components/dsIDirectoryService.xpt
Unpacking /home/spire/ti/ccs1281/ccs/ccs_base/DebugServer/components/nsISupports.xpt
Unpacking /home/spire/ti/ccs1281/ccs/ccs_base/DebugServer/components/dsIMemoryAccessLevels.xpt
Unpacking /home/spire/ti/ccs1281/ccs/ccs_base/DebugServer/components/dsIBuildAttribute.xpt
Unpacking /home/spire/ti/ccs1281/ccs/ccs_base/DebugServer/components/dsIPhysicalMappingLookup.xpt
Unpacking /home/spire/ti/ccs1281/ccs/ccs_base/DebugServer/components/dsIObjectEvent.xpt
Unpacking /home/spire/ti/ccs1281/ccs/ccs_base/DebugServer/components/dsISimpleEventCallback.xpt
Unpacking /home/spire/ti/ccs1281/ccs/ccs_base/DebugServer/components/dsICompoundType.xpt
Unpacking /home/spire/ti/ccs1281/ccs/ccs_base/DebugServer/components/dsIStackAnalysis.xpt
Unpacking /home/spire/ti/ccs1281/ccs/ccs_base/DebugServer/components/dsIStreamException.xpt
Unpacking /home/spire/ti/ccs1281/ccs/ccs_base/DebugServer/components/dsIRegisterGroupElement.xpt
Unpacking /home/spire/ti/ccs1281/ccs/ccs_base/DebugServer/components/dsIButton.xpt
Unpacking /home/spire/ti/ccs1281/ccs/ccs_base/DebugServer/components/dsIBreakpoints.xpt
Unpacking /home/spire/ti/ccs1281/ccs/ccs_base/DebugServer/components/nsIInterfaceInfoManager.xpt
Unpacking /home/spire/ti/ccs1281/ccs/ccs_base/DebugServer/components/dsIGetGelMenu.xpt
Unpacking /home/spire/ti/ccs1281/ccs/ccs_base/DebugServer/components/dsINode.xpt
Unpacking /home/spire/ti/ccs1281/ccs/ccs_base/DebugServer/components/dsISymbolInfoList.xpt
Unpacking /home/spire/ti/ccs1281/ccs/ccs_base/DebugServer/components/dsIBreakpointActionListeners.xpt
Unpacking /home/spire/ti/ccs1281/ccs/ccs_base/DebugServer/components/dsIActionGroup.xpt
Unpacking /home/spire/ti/ccs1281/ccs/ccs_base/DebugServer/components/dsIBreakpointActionListener.xpt
Unpacking /home/spire/ti/ccs1281/ccs/ccs_base/DebugServer/components/dsIMemoryAccessInfo.xpt
Unpacking /home/spire/ti/ccs1281/ccs/ccs_base/DebugServer/components/dsITargetMemoryAccess.xpt
Unpacking /home/spire/ti/ccs1281/ccs/ccs_base/DebugServer/components/dsIGetFlashProgrammerManager.xpt
Unpacking /home/spire/ti/ccs1281/ccs/ccs_base/DebugServer/components/dsIGelFileListEvents.xpt
Unpacking /home/spire/ti/ccs1281/ccs/ccs_base/DebugServer/components/dsIGetDspUser.xpt
Unpacking /home/spire/ti/ccs1281/ccs/ccs_base/DebugServer/components/dsITargetData.xpt
Unpacking /home/spire/ti/ccs1281/ccs/ccs_base/DebugServer/components/nsIInterfaceInfo.xpt
Unpacking /home/spire/ti/ccs1281/ccs/ccs_base/DebugServer/components/dsIValue.xpt
Unpacking /home/spire/ti/ccs1281/ccs/ccs_base/DebugServer/components/dsILineInfo.xpt
Unpacking /home/spire/ti/ccs1281/ccs/ccs_base/DebugServer/components/dsIDspUser.xpt
Unpacking /home/spire/ti/ccs1281/ccs/ccs_base/DebugServer/components/dsINumberEventCallback.xpt
Unpacking /home/spire/ti/ccs1281/ccs/ccs_base/DebugServer/components/dsINumberEventData.xpt
Unpacking /home/spire/ti/ccs1281/ccs/ccs_base/DebugServer/components/dsISourceStepping.xpt
Unpacking /home/spire/ti/ccs1281/ccs/ccs_base/DebugServer/components/dsIStringEventCallback.xpt
Unpacking /home/spire/ti/ccs1281/ccs/ccs_base/DebugServer/components/dsIGelMenuItem.xpt
Unpacking /home/spire/ti/ccs1281/ccs/ccs_base/DebugServer/components/dsITargetCollection.xpt
Unpacking /home/spire/ti/ccs1281/ccs/ccs_base/DebugServer/components/dsIProgressTask.xpt
Unpacking /home/spire/ti/ccs1281/ccs/ccs_base/DebugServer/components/dsITimeline.xpt
Unpacking /home/spire/ti/ccs1281/ccs/ccs_base/DebugServer/components/dsIGetOSAwareManager.xpt
Unpacking /home/spire/ti/ccs1281/ccs/ccs_base/DebugServer/components/dsIStringReader.xpt
Unpacking /home/spire/ti/ccs1281/ccs/ccs_base/DebugServer/components/dsIPhysicalMapping.xpt
Unpacking /home/spire/ti/ccs1281/ccs/ccs_base/DebugServer/components/dsIGetTargetLocationFactory.xpt
Unpacking /home/spire/ti/ccs1281/ccs/ccs_base/DebugServer/components/dsIBreakpointProperties.xpt
Unpacking /home/spire/ti/ccs1281/ccs/ccs_base/DebugServer/components/dsITextProperty.xpt
Unpacking /home/spire/ti/ccs1281/ccs/ccs_base/DebugServer/components/dsINumericProperty.xpt
Unpacking /home/spire/ti/ccs1281/ccs/ccs_base/DebugServer/components/dsIBreakpointFileProperty.xpt
Unpacking /home/spire/ti/ccs1281/ccs/ccs_base/DebugServer/components/nsIWeakReference.xpt
Unpacking /home/spire/ti/ccs1281/ccs/ccs_base/DebugServer/components/dsICallStack.xpt
Unpacking /home/spire/ti/ccs1281/ccs/ccs_base/DebugServer/components/dsICancelable.xpt
Unpacking /home/spire/ti/ccs1281/ccs/ccs_base/DebugServer/components/dsIDevice.xpt
Unpacking /home/spire/ti/ccs1281/ccs/ccs_base/DebugServer/components/nsIBinaryOutputStream.xpt
Unpacking /home/spire/ti/ccs1281/ccs/ccs_base/DebugServer/components/dsITargetIO.xpt
Unpacking /home/spire/ti/ccs1281/ccs/ccs_base/DebugServer/components/dsIErrorOutput.xpt
Unpacking /home/spire/ti/ccs1281/ccs/ccs_base/DebugServer/components/dsIBooleanProperty.xpt
Unpacking /home/spire/ti/ccs1281/ccs/ccs_base/DebugServer/components/dsIProgramLoaderEvents.xpt
Unpacking /home/spire/ti/ccs1281/ccs/ccs_base/DebugServer/components/dsISocketAdapter.xpt
Unpacking /home/spire/ti/ccs1281/ccs/ccs_base/DebugServer/components/nsIServiceManager.xpt
Unpacking /home/spire/ti/ccs1281/ccs/ccs_base/DebugServer/components/dsIBreakpointManager.xpt
Unpacking /home/spire/ti/ccs1281/ccs/ccs_base/DebugServer/components/dsICacheTagRamData.xpt
Unpacking /home/spire/ti/ccs1281/ccs/ccs_base/DebugServer/components/dsIBreakpointLocation.xpt
Unpacking /home/spire/ti/ccs1281/ccs/ccs_base/DebugServer/components/dsISymbolManager.xpt
Unpacking /home/spire/ti/ccs1281/ccs/ccs_base/DebugServer/components/dsIMessageDialogs.xpt
Unpacking /home/spire/ti/ccs1281/ccs/ccs_base/DebugServer/components/dsILogger.xpt
Unpacking /home/spire/ti/ccs1281/ccs/ccs_base/DebugServer/components/dsITargetCommTransport.xpt
Unpacking /home/spire/ti/ccs1281/ccs/ccs_base/DebugServer/components/nsrootidl.xpt
Unpacking /home/spire/ti/ccs1281/ccs/ccs_base/DebugServer/components/dsIOSObjects.xpt
Unpacking /home/spire/ti/ccs1281/ccs/ccs_base/DebugServer/components/dsIRouterSystemFeature.xpt
Unpacking /home/spire/ti/ccs1281/ccs/ccs_base/DebugServer/components/dsICoroutine.xpt
Unpacking /home/spire/ti/ccs1281/ccs/ccs_base/DebugServer/components/dsIControlPointControl.xpt
Unpacking /home/spire/ti/ccs1281/ccs/ccs_base/DebugServer/components/dsIPhysicalMappingEventData.xpt
Unpacking /home/spire/ti/ccs1281/ccs/ccs_base/DebugServer/components/dsIStringReaderEventData.xpt
Unpacking /home/spire/ti/ccs1281/ccs/ccs_base/DebugServer/components/dsIProgramLoader.xpt
Unpacking /home/spire/ti/ccs1281/ccs/ccs_base/DebugServer/components/dsIPointerType.xpt
Unpacking /home/spire/ti/ccs1281/ccs/ccs_base/DebugServer/components/dsIBreakpointData.xpt
Unpacking /home/spire/ti/ccs1281/ccs/ccs_base/DebugServer/components/nsISerializable.xpt
Unpacking /home/spire/ti/ccs1281/ccs/ccs_base/DebugServer/components/nsICollection.xpt
Unpacking /home/spire/ti/ccs1281/ccs/ccs_base/DebugServer/components/dsIMaskedType.xpt
Unpacking /home/spire/ti/ccs1281/ccs/ccs_base/DebugServer/components/nsIMemory.xpt
Unpacking /home/spire/ti/ccs1281/ccs/ccs_base/DebugServer/components/dsIControlPointEventData.xpt
Unpacking /home/spire/ti/ccs1281/ccs/ccs_base/DebugServer/components/dsIRegisterGroup.xpt
Unpacking /home/spire/ti/ccs1281/ccs/ccs_base/DebugServer/components/dsIInterval.xpt
Unpacking /home/spire/ti/ccs1281/ccs/ccs_base/DebugServer/components/dsIRefreshControl.xpt
Unpacking /home/spire/ti/ccs1281/ccs/ccs_base/DebugServer/components/dsIRegisterInfo.xpt
Unpacking /home/spire/ti/ccs1281/ccs/ccs_base/DebugServer/components/dsIStdInPrompt.xpt
Unpacking /home/spire/ti/ccs1281/ccs/ccs_base/DebugServer/components/nsIDirectoryService.xpt
Unpacking /home/spire/ti/ccs1281/ccs/ccs_base/DebugServer/components/dsITargetLocationFactory.xpt
Unpacking /home/spire/ti/ccs1281/ccs/ccs_base/DebugServer/components/dsIStringProperty.xpt
Unpacking /home/spire/ti/ccs1281/ccs/ccs_base/DebugServer/components/dsITargetLocation.xpt
Unpacking /home/spire/ti/ccs1281/ccs/ccs_base/DebugServer/components/dsIArrayTest.xpt
Unpacking /home/spire/ti/ccs1281/ccs/ccs_base/DebugServer/components/dsIGetProfileClockManager.xpt
Unpacking /home/spire/ti/ccs1281/ccs/ccs_base/DebugServer/components/dsIProcessorInfo.xpt
Unpacking /home/spire/ti/ccs1281/ccs/ccs_base/DebugServer/components/dsIRegisterSearchResults.xpt
Unpacking /home/spire/ti/ccs1281/ccs/ccs_base/DebugServer/components/dsIType.xpt
Unpacking /home/spire/ti/ccs1281/ccs/ccs_base/DebugServer/components/dsIStateStorageBuffer.xpt
Unpacking /home/spire/ti/ccs1281/ccs/ccs_base/DebugServer/components/dsIProperty.xpt
Unpacking /home/spire/ti/ccs1281/ccs/ccs_base/DebugServer/components/dsIArrayType.xpt
Unpacking /home/spire/ti/ccs1281/ccs/ccs_base/DebugServer/components/dsINumberEvent.xpt
Unpacking /home/spire/ti/ccs1281/ccs/ccs_base/DebugServer/components/dsISourceFileName.xpt
Unpacking /home/spire/ti/ccs1281/ccs/ccs_base/DebugServer/components/dsIDebugServer.xpt
Unpacking /home/spire/ti/ccs1281/ccs/ccs_base/DebugServer/components/dsIDebugger.xpt
Unpacking /home/spire/ti/ccs1281/ccs/ccs_base/DebugServer/components/dsIExpressionAutoComplete.xpt
Unpacking /home/spire/ti/ccs1281/ccs/ccs_base/DebugServer/components/nsIInputStream.xpt
Unpacking /home/spire/ti/ccs1281/ccs/ccs_base/DebugServer/components/dsIGELTextOutEvent.xpt
Unpacking /home/spire/ti/ccs1281/ccs/ccs_base/DebugServer/components/dsIBreakpointProperty.xpt
Unpacking /home/spire/ti/ccs1281/ccs/ccs_base/DebugServer/components/dsIBreakpointManagerEventData.xpt
Unpacking /home/spire/ti/ccs1281/ccs/ccs_base/DebugServer/components/dsIFunctionType.xpt
Unpacking /home/spire/ti/ccs1281/ccs/ccs_base/DebugServer/components/dsIGetCallStack.xpt
Unpacking /home/spire/ti/ccs1281/ccs/ccs_base/DebugServer/components/dsIBlockingPrompt.xpt
Unpacking /home/spire/ti/ccs1281/ccs/ccs_base/DebugServer/components/nsIDelegatable.xpt
Unpacking /home/spire/ti/ccs1281/ccs/ccs_base/DebugServer/propertyDB/PropertiesDB.xml
Unpacking /home/spire/ti/ccs1281/ccs/ccs_base/DebugServer/packages/ti/dss/package.xdc
Unpacking /home/spire/ti/ccs1281/ccs/ccs_base/DebugServer/packages/ti/dss/java/com.ti.cloudagent_1.0.0.jar
Unpacking /home/spire/ti/ccs1281/ccs/ccs_base/DebugServer/packages/ti/dss/java/com.ti.debug.engine_1.0.0.jar
Unpacking /home/spire/ti/ccs1281/ccs/ccs_base/DebugServer/packages/ti/dss/java/com.ti.ccstudio.debug.memoryserver_1.0.0.jar
Unpacking /home/spire/ti/ccs1281/ccs/ccs_base/DebugServer/packages/ti/dss/java/com.ti.ccstudio.scripting.environment_3.1.0.jar
Unpacking /home/spire/ti/ccs1281/ccs/ccs_base/DebugServer/packages/ti/dss/java/dss.jar
Unpacking /home/spire/ti/ccs1281/ccs/ccs_base/DebugServer/packages/ti/dss/java/org.json.jar
Unpacking /home/spire/ti/ccs1281/ccs/ccs_base/DebugServer/packages/ti/dss/java/java_websocket.jar
Unpacking /home/spire/ti/ccs1281/ccs/ccs_base/DebugServer/packages/ti/dss/java/js.jar
Unpacking /home/spire/ti/ccs1281/ccs/ccs_base/DebugServer/packages/ti/dss/package/package.bld.xml
Unpacking /home/spire/ti/ccs1281/ccs/ccs_base/DebugServer/packages/ti/dss/package/package.rel.dot
Unpacking /home/spire/ti/ccs1281/ccs/ccs_base/DebugServer/packages/ti/dss/package/ti.dss.sch
Unpacking /home/spire/ti/ccs1281/ccs/ccs_base/DebugServer/packages/ti/dss/package/package.xdc.xml
Unpacking /home/spire/ti/ccs1281/ccs/ccs_base/DebugServer/packages/ti/dss/package/ti.dss.ccs101
Unpacking /home/spire/ti/ccs1281/ccs/ccs_base/DebugServer/packages/ti/dss/package/package.ext.xml
Unpacking /home/spire/ti/ccs1281/ccs/ccs_base/DebugServer/packages/ti/dss/package/package.defs.h
Unpacking /home/spire/ti/ccs1281/ccs/ccs_base/DebugServer/packages/ti/dss/package/package_ti.dss.c
Unpacking /home/spire/ti/ccs1281/ccs/ccs_base/DebugServer/packages/ti/dss/package/package.rel.xml
Unpacking /home/spire/ti/ccs1281/ccs/ccs_base/DebugServer/packages/ti/dss/package/.vers_g101
Unpacking /home/spire/ti/ccs1281/ccs/ccs_base/DebugServer/packages/ti/dss/package/.vers_b100
Unpacking /home/spire/ti/ccs1281/ccs/ccs_base/DebugServer/packages/ti/dss/package/.vers_r100
Unpacking /home/spire/ti/ccs1281/ccs/ccs_base/DebugServer/scripts/flash.dsls
Unpacking /home/spire/ti/ccs1281/ccs/ccs_base/DebugServer/scripts/help.dsls
Unpacking /home/spire/ti/ccs1281/ccs/ccs_base/DebugServer/scripts/identifyProbe.dsls
Unpacking /home/spire/ti/ccs1281/ccs/ccs_base/DebugServer/scripts/cc13xx-cc26xx-mass-erase.dsls
Unpacking /home/spire/ti/ccs1281/ccs/ccs_base/DebugServer/scripts/serial.dsls
Unpacking /home/spire/ti/ccs1281/ccs/ccs_base/DebugServer/scripts/load.dsls
Unpacking /home/spire/ti/ccs1281/ccs/ccs_base/DebugServer/scripts/noConnectFlash.dsls
Unpacking /home/spire/ti/ccs1281/ccs/ccs_base/DebugServer/scripts/cc23xx-unlock-debug-access.dsls
Unpacking /home/spire/ti/ccs1281/ccs/ccs_base/DebugServer/scripts/memory.dsls
Unpacking /home/spire/ti/ccs1281/ccs/ccs_base/DebugServer/schemas/PropertiesDB.xsd
Unpacking /home/spire/ti/ccs1281/ccs/ccs_base/DebugServer/schemas/PropertiesSaveSetting.xsd
Unpacking /home/spire/ti/ccs1281/ccs/ccs_base/DebugServer/schemas/breakpoints.xsd
Creating link /home/spire/ti/ccs1281/ccs/ccs_base/DebugServer/bin/liblldbSM.so
Directory already exists: /home/spire/ti/ccs1281/ccs/ccs_base/common
Creating directory /home/spire/ti/ccs1281/ccs/ccs_base/common/bin
Creating directory /home/spire/ti/ccs1281/ccs/ccs_base/common/IDE
Creating directory /home/spire/ti/ccs1281/ccs/ccs_base/common/IDE/breakpoint
Creating directory /home/spire/ti/ccs1281/ccs/ccs_base/common/IDE/breakpoint/NewBp
Creating directory /home/spire/ti/ccs1281/ccs/ccs_base/common/install
Directory already exists: /home/spire/ti/ccs1281/ccs/ccs_base/common/targetdb
Directory already exists: /home/spire/ti/ccs1281/ccs/ccs_base/common/targetdb/connections
Directory already exists: /home/spire/ti/ccs1281/ccs/ccs_base/common/targetdb/drivers
Unpacking files
Unpacking /home/spire/ti/ccs1281/ccs/ccs_base/common/bin/fsclean
Unpacking /home/spire/ti/ccs1281/ccs/ccs_base/common/bin/fsutilNW.nw
Unpacking /home/spire/ti/ccs1281/ccs/ccs_base/common/bin/fsutilElectron.node
Unpacking /home/spire/ti/ccs1281/ccs/ccs_base/common/bin/libCCReg.so
Unpacking /home/spire/ti/ccs1281/ccs/ccs_base/common/bin/MSPAutoDetector
Unpacking /home/spire/ti/ccs1281/ccs/ccs_base/common/bin/libfsutil.so
Unpacking /home/spire/ti/ccs1281/ccs/ccs_base/common/bin/libstdc++.so.6.0.30
Unpacking /home/spire/ti/ccs1281/ccs/ccs_base/common/bin/libsetup_parser.so
Unpacking /home/spire/ti/ccs1281/ccs/ccs_base/common/bin/fsutilNode.node
Unpacking /home/spire/ti/ccs1281/ccs/ccs_base/common/bin/fs
Unpacking /home/spire/ti/ccs1281/ccs/ccs_base/common/bin/libxerces-c_2_8.so
Unpacking /home/spire/ti/ccs1281/ccs/ccs_base/common/bin/libMiniDump.so
Unpacking /home/spire/ti/ccs1281/ccs/ccs_base/common/bin/libti_logger.so
Unpacking /home/spire/ti/ccs1281/ccs/ccs_base/common/IDE/breakpoint/NewBp/ProfileTerminateControlPoint.xml
Unpacking /home/spire/ti/ccs1281/ccs/ccs_base/common/IDE/breakpoint/NewBp/BkptViewProfileControlPoint.xml
Unpacking /home/spire/ti/ccs1281/ccs/ccs_base/common/IDE/breakpoint/NewBp/ProfileResumeControlPoint.xml
Unpacking /home/spire/ti/ccs1281/ccs/ccs_base/common/IDE/breakpoint/NewBp/ProfilePauseControlPoint.xml
Unpacking /home/spire/ti/ccs1281/ccs/ccs_base/common/install/libstdc++.so.6.0.30
Unpacking /home/spire/ti/ccs1281/ccs/ccs_base/common/targetdb/setup_parser_cache.xsd
Unpacking /home/spire/ti/ccs1281/ccs/ccs_base/common/targetdb/setup_parser.xsd
Unpacking /home/spire/ti/ccs1281/ccs/ccs_base/common/targetdb/drivers/DataSnapshotDecoder_c674x.xml
Unpacking /home/spire/ti/ccs1281/ccs/ccs_base/common/targetdb/drivers/DataSnapshotDecoder_cortexA.xml
Unpacking /home/spire/ti/ccs1281/ccs/ccs_base/common/targetdb/drivers/DataSnapshotDecoder_c71x.xml
Unpacking /home/spire/ti/ccs1281/ccs/ccs_base/common/targetdb/drivers/DataSnapshotDecoder_c646x.xml
Unpacking /home/spire/ti/ccs1281/ccs/ccs_base/common/targetdb/drivers/DataSnapshotDecoder_ctset2.xml
Unpacking /home/spire/ti/ccs1281/ccs/ccs_base/common/targetdb/drivers/DataSnapshotDecoder_arp32.xml
Unpacking /home/spire/ti/ccs1281/ccs/ccs_base/common/targetdb/drivers/DataSnapshotDecoder_iva_mc3.xml
Unpacking /home/spire/ti/ccs1281/ccs/ccs_base/common/targetdb/drivers/DataSnapshotDecoder_cortexR.xml
Unpacking /home/spire/ti/ccs1281/ccs/ccs_base/common/targetdb/drivers/DataSnapshotDecoder_c66xx.xml
Unpacking /home/spire/ti/ccs1281/ccs/ccs_base/common/targetdb/drivers/DataSnapshotDecoder_icepick_c.xml
Unpacking /home/spire/ti/ccs1281/ccs/ccs_base/common/targetdb/drivers/DataSnapshotDecoder_cla1.xml
Unpacking /home/spire/ti/ccs1281/ccs/ccs_base/common/targetdb/drivers/DataSnapshotDecoder_c28x.xml
Unpacking /home/spire/ti/ccs1281/ccs/ccs_base/common/targetdb/drivers/DataSnapshotDecoder_sec_ap.xml
Unpacking /home/spire/ti/ccs1281/ccs/ccs_base/common/targetdb/drivers/DataSnapshotDecoder_iva_ecd3.xml
Unpacking /home/spire/ti/ccs1281/ccs/ccs_base/common/targetdb/drivers/DataSnapshotDecoder_cla.xml
Unpacking /home/spire/ti/ccs1281/ccs/ccs_base/common/targetdb/drivers/DataSnapshotDecoder_cortexM33.xml
Unpacking /home/spire/ti/ccs1281/ccs/ccs_base/common/targetdb/drivers/DataSnapshotDecoder_cortexM.xml
Unpacking /home/spire/ti/ccs1281/ccs/ccs_base/common/targetdb/drivers/DataSnapshotDecoder_cla2.xml
Unpacking /home/spire/ti/ccs1281/ccs/ccs_base/common/targetdb/drivers/DataSnapshotDecoder_iME.xml
Unpacking /home/spire/ti/ccs1281/ccs/ccs_base/common/targetdb/drivers/DataSnapshotDecoder_etb11.xml
Unpacking /home/spire/ti/ccs1281/ccs/ccs_base/common/targetdb/drivers/DataSnapshotDecoder_c55x.xml
Unpacking /home/spire/ti/ccs1281/ccs/ccs_base/common/targetdb/drivers/DataSnapshotDecoder_c64xp.xml
Unpacking /home/spire/ti/ccs1281/ccs/ccs_base/common/targetdb/drivers/DataSnapshotDecoder_iLF.xml
Unpacking /home/spire/ti/ccs1281/ccs/ccs_base/common/targetdb/drivers/DataSnapshotDecoder_cs_dap.xml
Unpacking /home/spire/ti/ccs1281/ccs/ccs_base/common/targetdb/drivers/DataSnapshotDecoder_cortexA9.xml
Unpacking /home/spire/ti/ccs1281/ccs/ccs_base/common/targetdb/drivers/DataSnapshotDecoder_arm7.xml
Unpacking /home/spire/ti/ccs1281/ccs/ccs_base/common/targetdb/drivers/DataSnapshotDecoder_c669x.xml
Unpacking /home/spire/ti/ccs1281/ccs/ccs_base/common/targetdb/drivers/DataSnapshotDecoder_csstm.xml
Unpacking /home/spire/ti/ccs1281/ccs/ccs_base/common/targetdb/drivers/DataSnapshotDecoder_icepick_b.xml
Unpacking /home/spire/ti/ccs1281/ccs/ccs_base/common/targetdb/drivers/DataSnapshotDecoder_ihwa_hts.xml
Unpacking /home/spire/ti/ccs1281/ccs/ccs_base/common/targetdb/drivers/DataSnapshotDecoder_c75x.xml
Unpacking /home/spire/ti/ccs1281/ccs/ccs_base/common/targetdb/drivers/DataSnapshotDecoder_icepick_d.xml
Unpacking /home/spire/ti/ccs1281/ccs/ccs_base/common/targetdb/drivers/DataSnapshotDecoder_c64x_11.xml
Unpacking /home/spire/ti/ccs1281/ccs/ccs_base/common/targetdb/drivers/DataSnapshotDecoder_debugssm.xml
Unpacking /home/spire/ti/ccs1281/ccs/ccs_base/common/targetdb/drivers/DataSnapshotDecoder_etbcs.xml
Unpacking /home/spire/ti/ccs1281/ccs/ccs_base/common/targetdb/drivers/DataSnapshotDecoder_iva_calc3.xml
Unpacking /home/spire/ti/ccs1281/ccs/ccs_base/common/targetdb/drivers/DataSnapshotDecoder_iva_ime3.xml
Unpacking /home/spire/ti/ccs1281/ccs/ccs_base/common/targetdb/drivers/DataSnapshotDecoder_iva_ilf3.xml
Unpacking /home/spire/ti/ccs1281/ccs/ccs_base/common/targetdb/drivers/gti_uart_driver.xml
Unpacking /home/spire/ti/ccs1281/ccs/ccs_base/common/targetdb/drivers/DataSnapshotDecoder_ajsm.xml
Unpacking /home/spire/ti/ccs1281/ccs/ccs_base/common/targetdb/drivers/DataSnapshotDecoder_iva_ipe3.xml
Unpacking /home/spire/ti/ccs1281/ccs/ccs_base/common/targetdb/drivers/DataSnapshotDecoder_MSP430.xml
Unpacking /home/spire/ti/ccs1281/ccs/ccs_base/common/targetdb/drivers/DataSnapshotDecoder_pru.xml
Unpacking /home/spire/ti/ccs1281/ccs/ccs_base/common/targetdb/drivers/DataSnapshotDecoder_c29x.xml
Unpacking /home/spire/ti/ccs1281/ccs/ccs_base/common/targetdb/drivers/DataSnapshotDecoder_c6x.xml
Unpacking /home/spire/ti/ccs1281/ccs/ccs_base/common/targetdb/drivers/DataSnapshotDecoder_cortexA53.xml
Unpacking /home/spire/ti/ccs1281/ccs/ccs_base/common/targetdb/drivers/DataSnapshotDecoder_dap_pc.xml
Unpacking /home/spire/ti/ccs1281/ccs/ccs_base/common/targetdb/drivers/DataSnapshotDecoder_cs_child.xml
Unpacking /home/spire/ti/ccs1281/ccs/ccs_base/common/targetdb/drivers/DataSnapshotDecoder_arm9.xml
Unpacking /home/spire/ti/ccs1281/ccs/ccs_base/common/targetdb/drivers/DataSnapshotDecoder_cortexA15.xml
Unpacking /home/spire/ti/ccs1281/ccs/ccs_base/common/targetdb/drivers/DataSnapshotDecoder_icepick_m.xml
Creating link /home/spire/ti/ccs1281/ccs/ccs_base/common/bin/libstdc++.so
Creating link /home/spire/ti/ccs1281/ccs/ccs_base/common/bin/libxerces-c.so.28
Creating link /home/spire/ti/ccs1281/ccs/ccs_base/common/bin/libxerces-c.so.28.0
Creating link /home/spire/ti/ccs1281/ccs/ccs_base/common/bin/libstdc++.so.6
Creating link /home/spire/ti/ccs1281/ccs/ccs_base/common/install/libstdc++.so
Creating link /home/spire/ti/ccs1281/ccs/ccs_base/common/install/libstdc++.so.6
Directory already exists: /home/spire/ti/ccs1281/ccs/ccs_base
Creating directory /home/spire/ti/ccs1281/ccs/ccs_base/scripting
Creating directory /home/spire/ti/ccs1281/ccs/ccs_base/scripting/bin
Creating directory /home/spire/ti/ccs1281/ccs/ccs_base/scripting/examples
Creating directory /home/spire/ti/ccs1281/ccs/ccs_base/scripting/examples/msp430f169
Creating directory /home/spire/ti/ccs1281/ccs/ccs_base/scripting/examples/msp430f169/gcd
Creating directory /home/spire/ti/ccs1281/ccs/ccs_base/scripting/examples/msp430f169/gcd/Debug
Creating directory /home/spire/ti/ccs1281/ccs/ccs_base/scripting/examples/msp430f169/gcd/.settings
Creating directory /home/spire/ti/ccs1281/ccs/ccs_base/scripting/examples/loadti
Creating directory /home/spire/ti/ccs1281/ccs/ccs_base/scripting/examples/DebugServerExamples
Creating directory /home/spire/ti/ccs1281/ccs/ccs_base/scripting/examples/DebugServerExamples/perl_inlinejava
Creating directory /home/spire/ti/ccs1281/ccs/ccs_base/scripting/examples/DebugServerExamples/archive
Creating directory /home/spire/ti/ccs1281/ccs/ccs_base/scripting/examples/C64
Creating directory /home/spire/ti/ccs1281/ccs/ccs_base/scripting/examples/C64/modem
Creating directory /home/spire/ti/ccs1281/ccs/ccs_base/scripting/examples/C64/modem/Debug
Creating directory /home/spire/ti/ccs1281/ccs/ccs_base/scripting/examples/C64/stl
Creating directory /home/spire/ti/ccs1281/ccs/ccs_base/scripting/examples/C64/stl/Release
Creating directory /home/spire/ti/ccs1281/ccs/ccs_base/scripting/examples/C64/args
Creating directory /home/spire/ti/ccs1281/ccs/ccs_base/scripting/examples/msp430f5529
Creating directory /home/spire/ti/ccs1281/ccs/ccs_base/scripting/examples/msp430f5529/programs
Creating directory /home/spire/ti/ccs1281/ccs/ccs_base/scripting/examples/uniflash
Creating directory /home/spire/ti/ccs1281/ccs/ccs_base/scripting/examples/uniflash/programs
Creating directory /home/spire/ti/ccs1281/ccs/ccs_base/scripting/examples/uniflash/session
Creating directory /home/spire/ti/ccs1281/ccs/ccs_base/scripting/examples/uniflash/cmdLine
Creating directory /home/spire/ti/ccs1281/ccs/ccs_base/scripting/examples/uniflash/configs
Creating directory /home/spire/ti/ccs1281/ccs/ccs_base/scripting/examples/uniflash/scripting
Creating directory /home/spire/ti/ccs1281/ccs/ccs_base/scripting/examples/uniflash/stylesheet
Creating directory /home/spire/ti/ccs1281/ccs/ccs_base/scripting/examples/C56
Creating directory /home/spire/ti/ccs1281/ccs/ccs_base/scripting/examples/C56/modem
Creating directory /home/spire/ti/ccs1281/ccs/ccs_base/scripting/examples/C56/modem/Debug
Creating directory /home/spire/ti/ccs1281/ccs/ccs_base/scripting/examples/C56/shapes
Creating directory /home/spire/ti/ccs1281/ccs/ccs_base/scripting/examples/C56/shapes/Debug
Creating directory /home/spire/ti/ccs1281/ccs/ccs_base/scripting/examples/C56/sinewave
Creating directory /home/spire/ti/ccs1281/ccs/ccs_base/scripting/examples/C56/sinewave/Debug
Creating directory /home/spire/ti/ccs1281/ccs/ccs_base/scripting/examples/msp430f2013
Creating directory /home/spire/ti/ccs1281/ccs/ccs_base/scripting/examples/msp430f2013/quicksort
Creating directory /home/spire/ti/ccs1281/ccs/ccs_base/scripting/examples/msp430f2013/quicksort/Debug
Creating directory /home/spire/ti/ccs1281/ccs/ccs_base/scripting/examples/msp430f2013/quicksort/.settings
Creating directory /home/spire/ti/ccs1281/ccs/ccs_base/scripting/examples/TestServer
Creating directory /home/spire/ti/ccs1281/ccs/ccs_base/scripting/examples/C28
Creating directory /home/spire/ti/ccs1281/ccs/ccs_base/scripting/examples/C28/F28335_nonBIOS_flash
Creating directory /home/spire/ti/ccs1281/ccs/ccs_base/scripting/docs
Creating directory /home/spire/ti/ccs1281/ccs/ccs_base/scripting/docs/DS_API
Creating directory /home/spire/ti/ccs1281/ccs/ccs_base/scripting/docs/DS_API/com
Creating directory /home/spire/ti/ccs1281/ccs/ccs_base/scripting/docs/DS_API/com/ti
Creating directory /home/spire/ti/ccs1281/ccs/ccs_base/scripting/docs/DS_API/com/ti/debug
Creating directory /home/spire/ti/ccs1281/ccs/ccs_base/scripting/docs/DS_API/com/ti/debug/engine
Creating directory /home/spire/ti/ccs1281/ccs/ccs_base/scripting/docs/DS_API/com/ti/debug/engine/scripting
Creating directory /home/spire/ti/ccs1281/ccs/ccs_base/scripting/docs/DS_API/com/ti/debug/engine/scripting/class-use
Creating directory /home/spire/ti/ccs1281/ccs/ccs_base/scripting/docs/DS_API/com/ti/debug/engine/scripting/setup
Creating directory /home/spire/ti/ccs1281/ccs/ccs_base/scripting/docs/DS_API/com/ti/debug/engine/scripting/setup/class-use
Creating directory /home/spire/ti/ccs1281/ccs/ccs_base/scripting/docs/DS_API/com/ti/ccstudio
Creating directory /home/spire/ti/ccs1281/ccs/ccs_base/scripting/docs/DS_API/com/ti/ccstudio/scripting
Creating directory /home/spire/ti/ccs1281/ccs/ccs_base/scripting/docs/DS_API/com/ti/ccstudio/scripting/class-use
Creating directory /home/spire/ti/ccs1281/ccs/ccs_base/scripting/docs/DS_API/com/ti/ccstudio/scripting/environment
Creating directory /home/spire/ti/ccs1281/ccs/ccs_base/scripting/docs/DS_API/com/ti/ccstudio/scripting/environment/class-use
Creating directory /home/spire/ti/ccs1281/ccs/ccs_base/scripting/docs/DS_API/index-files
Unpacking files
Unpacking /home/spire/ti/ccs1281/ccs/ccs_base/scripting/bin/dss.bat
Unpacking /home/spire/ti/ccs1281/ccs/ccs_base/scripting/bin/dss.sh
Unpacking /home/spire/ti/ccs1281/ccs/ccs_base/scripting/examples/msp430f169/msp430f169_usb.ccxml
Unpacking /home/spire/ti/ccs1281/ccs/ccs_base/scripting/examples/msp430f169/gcd/lnk_msp430f169.cmd
Unpacking /home/spire/ti/ccs1281/ccs/ccs_base/scripting/examples/msp430f169/gcd/main.c
Unpacking /home/spire/ti/ccs1281/ccs/ccs_base/scripting/examples/msp430f169/gcd/Debug/gcd.out
Unpacking /home/spire/ti/ccs1281/ccs/ccs_base/scripting/examples/msp430f169/gcd/.project
Unpacking /home/spire/ti/ccs1281/ccs/ccs_base/scripting/examples/msp430f169/gcd/.cdtproject
Unpacking /home/spire/ti/ccs1281/ccs/ccs_base/scripting/examples/msp430f169/gcd/.ccsproject
Unpacking /home/spire/ti/ccs1281/ccs/ccs_base/scripting/examples/msp430f169/gcd/.cdtbuild
Unpacking /home/spire/ti/ccs1281/ccs/ccs_base/scripting/examples/msp430f169/gcd/.settings/org.eclipse.cdt.core.prefs
Unpacking /home/spire/ti/ccs1281/ccs/ccs_base/scripting/examples/msp430f169/gcd/.settings/org.eclipse.cdt.managedbuilder.core.prefs
Unpacking /home/spire/ti/ccs1281/ccs/ccs_base/scripting/examples/loadti/main.js
Unpacking /home/spire/ti/ccs1281/ccs/ccs_base/scripting/examples/loadti/memXfer.js
Unpacking /home/spire/ti/ccs1281/ccs/ccs_base/scripting/examples/loadti/loadti.bat
Unpacking /home/spire/ti/ccs1281/ccs/ccs_base/scripting/examples/loadti/readme.txt
Unpacking /home/spire/ti/ccs1281/ccs/ccs_base/scripting/examples/loadti/DefaultStylesheet.xsl
Unpacking /home/spire/ti/ccs1281/ccs/ccs_base/scripting/examples/loadti/loadti.sh
Unpacking /home/spire/ti/ccs1281/ccs/ccs_base/scripting/examples/loadti/getArgs.js
Unpacking /home/spire/ti/ccs1281/ccs/ccs_base/scripting/examples/loadti/dsSetup.js
Unpacking /home/spire/ti/ccs1281/ccs/ccs_base/scripting/examples/DebugServerExamples/msp430f2013_quicksort.js
Unpacking /home/spire/ti/ccs1281/ccs/ccs_base/scripting/examples/DebugServerExamples/msp430f5529_ccsSession.js
Unpacking /home/spire/ti/ccs1281/ccs/ccs_base/scripting/examples/DebugServerExamples/msp430f169_watchpoints.js
Unpacking /home/spire/ti/ccs1281/ccs/ccs_base/scripting/examples/DebugServerExamples/DefaultStylesheet.xsl
Unpacking /home/spire/ti/ccs1281/ccs/ccs_base/scripting/examples/DebugServerExamples/msp430f5529_memory.js
Unpacking /home/spire/ti/ccs1281/ccs/ccs_base/scripting/examples/DebugServerExamples/msp430f5529_breakpoints.js
Unpacking /home/spire/ti/ccs1281/ccs/ccs_base/scripting/examples/DebugServerExamples/msp430f5529_loadProgram.js
Unpacking /home/spire/ti/ccs1281/ccs/ccs_base/scripting/examples/DebugServerExamples/f28335_flash.js
Unpacking /home/spire/ti/ccs1281/ccs/ccs_base/scripting/examples/DebugServerExamples/perl_inlinejava/DSS_SCRIPTING.pm
Unpacking /home/spire/ti/ccs1281/ccs/ccs_base/scripting/examples/DebugServerExamples/perl_inlinejava/dss_simple.pl
Unpacking /home/spire/ti/ccs1281/ccs/ccs_base/scripting/examples/DebugServerExamples/perl_inlinejava/setpath.bat
Unpacking /home/spire/ti/ccs1281/ccs/ccs_base/scripting/examples/DebugServerExamples/archive/AnalyzeCrashDump.js
Unpacking /home/spire/ti/ccs1281/ccs/ccs_base/scripting/examples/DebugServerExamples/archive/stl_crash_dump.txt
Unpacking /home/spire/ti/ccs1281/ccs/ccs_base/scripting/examples/DebugServerExamples/archive/ExampleCrashDump.txt
Unpacking /home/spire/ti/ccs1281/ccs/ccs_base/scripting/examples/DebugServerExamples/archive/tidotcom.jpg
Unpacking /home/spire/ti/ccs1281/ccs/ccs_base/scripting/examples/DebugServerExamples/archive/CrashDumpAnalysis (64+).ccxml
Unpacking /home/spire/ti/ccs1281/ccs/ccs_base/scripting/examples/DebugServerExamples/archive/MemoryDump.js
Unpacking /home/spire/ti/ccs1281/ccs/ccs_base/scripting/examples/DebugServerExamples/archive/go.bat
Unpacking /home/spire/ti/ccs1281/ccs/ccs_base/scripting/examples/DebugServerExamples/archive/ProgramArgument.js
Unpacking /home/spire/ti/ccs1281/ccs/ccs_base/scripting/examples/C64/tisim_c64xple.ccxml
Unpacking /home/spire/ti/ccs1281/ccs/ccs_base/scripting/examples/C64/modem/Debug/modem.out
Unpacking /home/spire/ti/ccs1281/ccs/ccs_base/scripting/examples/C64/stl/main.cpp
Unpacking /home/spire/ti/ccs1281/ccs/ccs_base/scripting/examples/C64/stl/Release/stl6x.out
Unpacking /home/spire/ti/ccs1281/ccs/ccs_base/scripting/examples/C64/args/hello.c
Unpacking /home/spire/ti/ccs1281/ccs/ccs_base/scripting/examples/C64/args/C64XPLE_Args.out
Unpacking /home/spire/ti/ccs1281/ccs/ccs_base/scripting/examples/msp430f5529/msp430f5529.ccxml
Unpacking /home/spire/ti/ccs1281/ccs/ccs_base/scripting/examples/msp430f5529/programs/args.out
Unpacking /home/spire/ti/ccs1281/ccs/ccs_base/scripting/examples/msp430f5529/programs/modem.out
Unpacking /home/spire/ti/ccs1281/ccs/ccs_base/scripting/examples/uniflash/programs/F28035_Prog1.out
Unpacking /home/spire/ti/ccs1281/ccs/ccs_base/scripting/examples/uniflash/programs/F28035_Prog2.out
Unpacking /home/spire/ti/ccs1281/ccs/ccs_base/scripting/examples/uniflash/programs/f28m35_c28_blinky.out
Unpacking /home/spire/ti/ccs1281/ccs/ccs_base/scripting/examples/uniflash/programs/F28035_Prog3.out
Unpacking /home/spire/ti/ccs1281/ccs/ccs_base/scripting/examples/uniflash/session/f28m35.session
Unpacking /home/spire/ti/ccs1281/ccs/ccs_base/scripting/examples/uniflash/cmdLine/uniFlash_core.js
Unpacking /home/spire/ti/ccs1281/ccs/ccs_base/scripting/examples/uniflash/cmdLine/uniFlash_operation_msp.js
Unpacking /home/spire/ti/ccs1281/ccs/ccs_base/scripting/examples/uniflash/cmdLine/uniFlash_settings.js
Unpacking /home/spire/ti/ccs1281/ccs/ccs_base/scripting/examples/uniflash/cmdLine/uniFlash_example.bat
Unpacking /home/spire/ti/ccs1281/ccs/ccs_base/scripting/examples/uniflash/cmdLine/uniFlash_main.js
Unpacking /home/spire/ti/ccs1281/ccs/ccs_base/scripting/examples/uniflash/cmdLine/uniFlash_utility.js
Unpacking /home/spire/ti/ccs1281/ccs/ccs_base/scripting/examples/uniflash/cmdLine/uniFlash_settings_msp.js
Unpacking /home/spire/ti/ccs1281/ccs/ccs_base/scripting/examples/uniflash/cmdLine/uniflash.sh
Unpacking /home/spire/ti/ccs1281/ccs/ccs_base/scripting/examples/uniflash/cmdLine/uniflash.bat
Unpacking /home/spire/ti/ccs1281/ccs/ccs_base/scripting/examples/uniflash/cmdLine/uniFlash_config.js
Unpacking /home/spire/ti/ccs1281/ccs/ccs_base/scripting/examples/uniflash/cmdLine/uniFlash_help.js
Unpacking /home/spire/ti/ccs1281/ccs/ccs_base/scripting/examples/uniflash/cmdLine/uniFlash_operation.js
Unpacking /home/spire/ti/ccs1281/ccs/ccs_base/scripting/examples/uniflash/cmdLine/uniFlash_ReadMe.txt
Unpacking /home/spire/ti/ccs1281/ccs/ccs_base/scripting/examples/uniflash/configs/F28M35H52C1_XDS560.ccxml
Unpacking /home/spire/ti/ccs1281/ccs/ccs_base/scripting/examples/uniflash/configs/F28M35H52C1_Serial.ccxml
Unpacking /home/spire/ti/ccs1281/ccs/ccs_base/scripting/examples/uniflash/configs/TMS320F28035.ccxml
Unpacking /home/spire/ti/ccs1281/ccs/ccs_base/scripting/examples/uniflash/configs/TMS470MF066_USB.ccxml
Unpacking /home/spire/ti/ccs1281/ccs/ccs_base/scripting/examples/uniflash/scripting/scriptExample_complex.js
Unpacking /home/spire/ti/ccs1281/ccs/ccs_base/scripting/examples/uniflash/scripting/scriptExample_viewOptions.js
Unpacking /home/spire/ti/ccs1281/ccs/ccs_base/scripting/examples/uniflash/scripting/scriptExample_createConfig_viewOperation.js
Unpacking /home/spire/ti/ccs1281/ccs/ccs_base/scripting/examples/uniflash/scripting/scriptExample_multiCore_loadSettings_program.js
Unpacking /home/spire/ti/ccs1281/ccs/ccs_base/scripting/examples/uniflash/scripting/scriptExample_export.js
Unpacking /home/spire/ti/ccs1281/ccs/ccs_base/scripting/examples/uniflash/scripting/scriptExample_setOptions_performOp.js
Unpacking /home/spire/ti/ccs1281/ccs/ccs_base/scripting/examples/uniflash/stylesheet/DefaultStylesheet.xsl
Unpacking /home/spire/ti/ccs1281/ccs/ccs_base/scripting/examples/C56/modem/Debug/modem.out
Unpacking /home/spire/ti/ccs1281/ccs/ccs_base/scripting/examples/C56/shapes/Debug/shapes.out
Unpacking /home/spire/ti/ccs1281/ccs/ccs_base/scripting/examples/C56/sinewave/Debug/sinewave.out
Unpacking /home/spire/ti/ccs1281/ccs/ccs_base/scripting/examples/msp430f2013/msp430f2013_usb.ccxml
Unpacking /home/spire/ti/ccs1281/ccs/ccs_base/scripting/examples/msp430f2013/quicksort/lnk_msp430f2013.cmd
Unpacking /home/spire/ti/ccs1281/ccs/ccs_base/scripting/examples/msp430f2013/quicksort/main.c
Unpacking /home/spire/ti/ccs1281/ccs/ccs_base/scripting/examples/msp430f2013/quicksort/Debug/quicksort.out
Unpacking /home/spire/ti/ccs1281/ccs/ccs_base/scripting/examples/msp430f2013/quicksort/.project
Unpacking /home/spire/ti/ccs1281/ccs/ccs_base/scripting/examples/msp430f2013/quicksort/.cdtproject
Unpacking /home/spire/ti/ccs1281/ccs/ccs_base/scripting/examples/msp430f2013/quicksort/.ccsproject
Unpacking /home/spire/ti/ccs1281/ccs/ccs_base/scripting/examples/msp430f2013/quicksort/.cdtbuild
Unpacking /home/spire/ti/ccs1281/ccs/ccs_base/scripting/examples/msp430f2013/quicksort/.settings/org.eclipse.cdt.core.prefs
Unpacking /home/spire/ti/ccs1281/ccs/ccs_base/scripting/examples/msp430f2013/quicksort/.settings/org.eclipse.cdt.managedbuilder.core.prefs
Unpacking /home/spire/ti/ccs1281/ccs/ccs_base/scripting/examples/TestServer/perl_client.pl
Unpacking /home/spire/ti/ccs1281/ccs/ccs_base/scripting/examples/TestServer/DSSClient.pm
Unpacking /home/spire/ti/ccs1281/ccs/ccs_base/scripting/examples/TestServer/TestServer.js
Unpacking /home/spire/ti/ccs1281/ccs/ccs_base/scripting/examples/TestServer/readme.txt
Unpacking /home/spire/ti/ccs1281/ccs/ccs_base/scripting/examples/TestServer/DefaultStylesheet.xsl
Unpacking /home/spire/ti/ccs1281/ccs/ccs_base/scripting/examples/TestServer/python_client.py
Unpacking /home/spire/ti/ccs1281/ccs/ccs_base/scripting/examples/TestServer/CC2640R2F.ccxml
Unpacking /home/spire/ti/ccs1281/ccs/ccs_base/scripting/examples/TestServer/test_server.js
Unpacking /home/spire/ti/ccs1281/ccs/ccs_base/scripting/examples/TestServer/DSSClient.py
Unpacking /home/spire/ti/ccs1281/ccs/ccs_base/scripting/examples/TestServer/setenv.bat
Unpacking /home/spire/ti/ccs1281/ccs/ccs_base/scripting/examples/TestServer/json2.js
Unpacking /home/spire/ti/ccs1281/ccs/ccs_base/scripting/examples/TestServer/js_client.js
Unpacking /home/spire/ti/ccs1281/ccs/ccs_base/scripting/examples/TestServer/DSSClient.js
Unpacking /home/spire/ti/ccs1281/ccs/ccs_base/scripting/examples/TestServer/hello_CC2640R2_LAUNCHXL_tirtos_ccs.out
Unpacking /home/spire/ti/ccs1281/ccs/ccs_base/scripting/examples/C28/F28335SystemSetup.ccxml
Unpacking /home/spire/ti/ccs1281/ccs/ccs_base/scripting/examples/C28/F28335_nonBIOS_flash/F28335_example_nonBIOS_flash.out
Unpacking /home/spire/ti/ccs1281/ccs/ccs_base/scripting/docs/hdr_ti_logo.gif
Unpacking /home/spire/ti/ccs1281/ccs/ccs_base/scripting/docs/GettingStarted.htm
Unpacking /home/spire/ti/ccs1281/ccs/ccs_base/scripting/docs/DS_API/overview-tree.html
Unpacking /home/spire/ti/ccs1281/ccs/ccs_base/scripting/docs/DS_API/serialized-form.html
Unpacking /home/spire/ti/ccs1281/ccs/ccs_base/scripting/docs/DS_API/index.html
Unpacking /home/spire/ti/ccs1281/ccs/ccs_base/scripting/docs/DS_API/allclasses-frame.html
Unpacking /home/spire/ti/ccs1281/ccs/ccs_base/scripting/docs/DS_API/overview-frame.html
Unpacking /home/spire/ti/ccs1281/ccs/ccs_base/scripting/docs/DS_API/stylesheet.css
Unpacking /home/spire/ti/ccs1281/ccs/ccs_base/scripting/docs/DS_API/script.js
Unpacking /home/spire/ti/ccs1281/ccs/ccs_base/scripting/docs/DS_API/constant-values.html
Unpacking /home/spire/ti/ccs1281/ccs/ccs_base/scripting/docs/DS_API/package-list
Unpacking /home/spire/ti/ccs1281/ccs/ccs_base/scripting/docs/DS_API/overview-summary.html
Unpacking /home/spire/ti/ccs1281/ccs/ccs_base/scripting/docs/DS_API/help-doc.html
Unpacking /home/spire/ti/ccs1281/ccs/ccs_base/scripting/docs/DS_API/allclasses-noframe.html
Unpacking /home/spire/ti/ccs1281/ccs/ccs_base/scripting/docs/DS_API/com/ti/debug/engine/scripting/Symbol.html
Unpacking /home/spire/ti/ccs1281/ccs/ccs_base/scripting/docs/DS_API/com/ti/debug/engine/scripting/IDebugServerEventListener.html
Unpacking /home/spire/ti/ccs1281/ccs/ccs_base/scripting/docs/DS_API/com/ti/debug/engine/scripting/Port.html
Unpacking /home/spire/ti/ccs1281/ccs/ccs_base/scripting/docs/DS_API/com/ti/debug/engine/scripting/Pin.html
Unpacking /home/spire/ti/ccs1281/ccs/ccs_base/scripting/docs/DS_API/com/ti/debug/engine/scripting/DebugserverError.html
Unpacking /home/spire/ti/ccs1281/ccs/ccs_base/scripting/docs/DS_API/com/ti/debug/engine/scripting/Property.html
Unpacking /home/spire/ti/ccs1281/ccs/ccs_base/scripting/docs/DS_API/com/ti/debug/engine/scripting/MemoryMap.html
Unpacking /home/spire/ti/ccs1281/ccs/ccs_base/scripting/docs/DS_API/com/ti/debug/engine/scripting/ProfileClock.html
Unpacking /home/spire/ti/ccs1281/ccs/ccs_base/scripting/docs/DS_API/com/ti/debug/engine/scripting/Flash.html
Unpacking /home/spire/ti/ccs1281/ccs/ccs_base/scripting/docs/DS_API/com/ti/debug/engine/scripting/Target.Platform.html
Unpacking /home/spire/ti/ccs1281/ccs/ccs_base/scripting/docs/DS_API/com/ti/debug/engine/scripting/ArmAdvancedFeatures.html
Unpacking /home/spire/ti/ccs1281/ccs/ccs_base/scripting/docs/DS_API/com/ti/debug/engine/scripting/package-summary.html
Unpacking /home/spire/ti/ccs1281/ccs/ccs_base/scripting/docs/DS_API/com/ti/debug/engine/scripting/TargetConfigurationEditor.html
Unpacking /home/spire/ti/ccs1281/ccs/ccs_base/scripting/docs/DS_API/com/ti/debug/engine/scripting/AsmStep.html
Unpacking /home/spire/ti/ccs1281/ccs/ccs_base/scripting/docs/DS_API/com/ti/debug/engine/scripting/Options.html
Unpacking /home/spire/ti/ccs1281/ccs/ccs_base/scripting/docs/DS_API/com/ti/debug/engine/scripting/GlobalBreakpoint.html
Unpacking /home/spire/ti/ccs1281/ccs/ccs_base/scripting/docs/DS_API/com/ti/debug/engine/scripting/Target.html
Unpacking /home/spire/ti/ccs1281/ccs/ccs_base/scripting/docs/DS_API/com/ti/debug/engine/scripting/package-use.html
Unpacking /home/spire/ti/ccs1281/ccs/ccs_base/scripting/docs/DS_API/com/ti/debug/engine/scripting/package-tree.html
Unpacking /home/spire/ti/ccs1281/ccs/ccs_base/scripting/docs/DS_API/com/ti/debug/engine/scripting/Memory.html
Unpacking /home/spire/ti/ccs1281/ccs/ccs_base/scripting/docs/DS_API/com/ti/debug/engine/scripting/DebugSession.html
Unpacking /home/spire/ti/ccs1281/ccs/ccs_base/scripting/docs/DS_API/com/ti/debug/engine/scripting/Breakpoint.html
Unpacking /home/spire/ti/ccs1281/ccs/ccs_base/scripting/docs/DS_API/com/ti/debug/engine/scripting/TargetConfigurationGenerator.html
Unpacking /home/spire/ti/ccs1281/ccs/ccs_base/scripting/docs/DS_API/com/ti/debug/engine/scripting/TargetConfigurationGenerator.CONFIGTYPE.html
Unpacking /home/spire/ti/ccs1281/ccs/ccs_base/scripting/docs/DS_API/com/ti/debug/engine/scripting/CallStack.html
Unpacking /home/spire/ti/ccs1281/ccs/ccs_base/scripting/docs/DS_API/com/ti/debug/engine/scripting/CallStack.RegisterContext.html
Unpacking /home/spire/ti/ccs1281/ccs/ccs_base/scripting/docs/DS_API/com/ti/debug/engine/scripting/PageTable.html
Unpacking /home/spire/ti/ccs1281/ccs/ccs_base/scripting/docs/DS_API/com/ti/debug/engine/scripting/Simultaneous.html
Unpacking /home/spire/ti/ccs1281/ccs/ccs_base/scripting/docs/DS_API/com/ti/debug/engine/scripting/DebugServer.html
Unpacking /home/spire/ti/ccs1281/ccs/ccs_base/scripting/docs/DS_API/com/ti/debug/engine/scripting/Target.Family.html
Unpacking /home/spire/ti/ccs1281/ccs/ccs_base/scripting/docs/DS_API/com/ti/debug/engine/scripting/Memory.IOFormat.html
Unpacking /home/spire/ti/ccs1281/ccs/ccs_base/scripting/docs/DS_API/com/ti/debug/engine/scripting/ResetType.html
Unpacking /home/spire/ti/ccs1281/ccs/ccs_base/scripting/docs/DS_API/com/ti/debug/engine/scripting/ContextStep.html
Unpacking /home/spire/ti/ccs1281/ccs/ccs_base/scripting/docs/DS_API/com/ti/debug/engine/scripting/Memory.Page.html
Unpacking /home/spire/ti/ccs1281/ccs/ccs_base/scripting/docs/DS_API/com/ti/debug/engine/scripting/Expression.html
Unpacking /home/spire/ti/ccs1281/ccs/ccs_base/scripting/docs/DS_API/com/ti/debug/engine/scripting/BreakpointProperties.html
Unpacking /home/spire/ti/ccs1281/ccs/ccs_base/scripting/docs/DS_API/com/ti/debug/engine/scripting/package-frame.html
Unpacking /home/spire/ti/ccs1281/ccs/ccs_base/scripting/docs/DS_API/com/ti/debug/engine/scripting/SourceStep.html
Unpacking /home/spire/ti/ccs1281/ccs/ccs_base/scripting/docs/DS_API/com/ti/debug/engine/scripting/Target.ISA.html
Unpacking /home/spire/ti/ccs1281/ccs/ccs_base/scripting/docs/DS_API/com/ti/debug/engine/scripting/SessionEventsFactory.html
Unpacking /home/spire/ti/ccs1281/ccs/ccs_base/scripting/docs/DS_API/com/ti/debug/engine/scripting/class-use/Symbol.html
Unpacking /home/spire/ti/ccs1281/ccs/ccs_base/scripting/docs/DS_API/com/ti/debug/engine/scripting/class-use/IDebugServerEventListener.html
Unpacking /home/spire/ti/ccs1281/ccs/ccs_base/scripting/docs/DS_API/com/ti/debug/engine/scripting/class-use/Port.html
Unpacking /home/spire/ti/ccs1281/ccs/ccs_base/scripting/docs/DS_API/com/ti/debug/engine/scripting/class-use/Pin.html
Unpacking /home/spire/ti/ccs1281/ccs/ccs_base/scripting/docs/DS_API/com/ti/debug/engine/scripting/class-use/DebugserverError.html
Unpacking /home/spire/ti/ccs1281/ccs/ccs_base/scripting/docs/DS_API/com/ti/debug/engine/scripting/class-use/Property.html
Unpacking /home/spire/ti/ccs1281/ccs/ccs_base/scripting/docs/DS_API/com/ti/debug/engine/scripting/class-use/MemoryMap.html
Unpacking /home/spire/ti/ccs1281/ccs/ccs_base/scripting/docs/DS_API/com/ti/debug/engine/scripting/class-use/ProfileClock.html
Unpacking /home/spire/ti/ccs1281/ccs/ccs_base/scripting/docs/DS_API/com/ti/debug/engine/scripting/class-use/Flash.html
Unpacking /home/spire/ti/ccs1281/ccs/ccs_base/scripting/docs/DS_API/com/ti/debug/engine/scripting/class-use/Target.Platform.html
Unpacking /home/spire/ti/ccs1281/ccs/ccs_base/scripting/docs/DS_API/com/ti/debug/engine/scripting/class-use/ArmAdvancedFeatures.html
Unpacking /home/spire/ti/ccs1281/ccs/ccs_base/scripting/docs/DS_API/com/ti/debug/engine/scripting/class-use/TargetConfigurationEditor.html
Unpacking /home/spire/ti/ccs1281/ccs/ccs_base/scripting/docs/DS_API/com/ti/debug/engine/scripting/class-use/AsmStep.html
Unpacking /home/spire/ti/ccs1281/ccs/ccs_base/scripting/docs/DS_API/com/ti/debug/engine/scripting/class-use/Options.html
Unpacking /home/spire/ti/ccs1281/ccs/ccs_base/scripting/docs/DS_API/com/ti/debug/engine/scripting/class-use/GlobalBreakpoint.html
Unpacking /home/spire/ti/ccs1281/ccs/ccs_base/scripting/docs/DS_API/com/ti/debug/engine/scripting/class-use/Target.html
Unpacking /home/spire/ti/ccs1281/ccs/ccs_base/scripting/docs/DS_API/com/ti/debug/engine/scripting/class-use/Memory.html
Unpacking /home/spire/ti/ccs1281/ccs/ccs_base/scripting/docs/DS_API/com/ti/debug/engine/scripting/class-use/DebugSession.html
Unpacking /home/spire/ti/ccs1281/ccs/ccs_base/scripting/docs/DS_API/com/ti/debug/engine/scripting/class-use/Breakpoint.html
Unpacking /home/spire/ti/ccs1281/ccs/ccs_base/scripting/docs/DS_API/com/ti/debug/engine/scripting/class-use/TargetConfigurationGenerator.html
Unpacking /home/spire/ti/ccs1281/ccs/ccs_base/scripting/docs/DS_API/com/ti/debug/engine/scripting/class-use/TargetConfigurationGenerator.CONFIGTYPE.html
Unpacking /home/spire/ti/ccs1281/ccs/ccs_base/scripting/docs/DS_API/com/ti/debug/engine/scripting/class-use/CallStack.html
Unpacking /home/spire/ti/ccs1281/ccs/ccs_base/scripting/docs/DS_API/com/ti/debug/engine/scripting/class-use/CallStack.RegisterContext.html
Unpacking /home/spire/ti/ccs1281/ccs/ccs_base/scripting/docs/DS_API/com/ti/debug/engine/scripting/class-use/PageTable.html
Unpacking /home/spire/ti/ccs1281/ccs/ccs_base/scripting/docs/DS_API/com/ti/debug/engine/scripting/class-use/Simultaneous.html
Unpacking /home/spire/ti/ccs1281/ccs/ccs_base/scripting/docs/DS_API/com/ti/debug/engine/scripting/class-use/DebugServer.html
Unpacking /home/spire/ti/ccs1281/ccs/ccs_base/scripting/docs/DS_API/com/ti/debug/engine/scripting/class-use/Target.Family.html
Unpacking /home/spire/ti/ccs1281/ccs/ccs_base/scripting/docs/DS_API/com/ti/debug/engine/scripting/class-use/Memory.IOFormat.html
Unpacking /home/spire/ti/ccs1281/ccs/ccs_base/scripting/docs/DS_API/com/ti/debug/engine/scripting/class-use/ResetType.html
Unpacking /home/spire/ti/ccs1281/ccs/ccs_base/scripting/docs/DS_API/com/ti/debug/engine/scripting/class-use/ContextStep.html
Unpacking /home/spire/ti/ccs1281/ccs/ccs_base/scripting/docs/DS_API/com/ti/debug/engine/scripting/class-use/Memory.Page.html
Unpacking /home/spire/ti/ccs1281/ccs/ccs_base/scripting/docs/DS_API/com/ti/debug/engine/scripting/class-use/Expression.html
Unpacking /home/spire/ti/ccs1281/ccs/ccs_base/scripting/docs/DS_API/com/ti/debug/engine/scripting/class-use/BreakpointProperties.html
Unpacking /home/spire/ti/ccs1281/ccs/ccs_base/scripting/docs/DS_API/com/ti/debug/engine/scripting/class-use/SourceStep.html
Unpacking /home/spire/ti/ccs1281/ccs/ccs_base/scripting/docs/DS_API/com/ti/debug/engine/scripting/class-use/Target.ISA.html
Unpacking /home/spire/ti/ccs1281/ccs/ccs_base/scripting/docs/DS_API/com/ti/debug/engine/scripting/class-use/SessionEventsFactory.html
Unpacking /home/spire/ti/ccs1281/ccs/ccs_base/scripting/docs/DS_API/com/ti/debug/engine/scripting/setup/Tag.html
Unpacking /home/spire/ti/ccs1281/ccs/ccs_base/scripting/docs/DS_API/com/ti/debug/engine/scripting/setup/SystemSetupWriter.IComponentList.html
Unpacking /home/spire/ti/ccs1281/ccs/ccs_base/scripting/docs/DS_API/com/ti/debug/engine/scripting/setup/SystemSetupWriter.ISelectDriverCallback.html
Unpacking /home/spire/ti/ccs1281/ccs/ccs_base/scripting/docs/DS_API/com/ti/debug/engine/scripting/setup/SystemSetupEditor.AbstractProperty.html
Unpacking /home/spire/ti/ccs1281/ccs/ccs_base/scripting/docs/DS_API/com/ti/debug/engine/scripting/setup/SystemSetupEditor.InfoBoxProperty.html
Unpacking /home/spire/ti/ccs1281/ccs/ccs_base/scripting/docs/DS_API/com/ti/debug/engine/scripting/setup/SystemSetupReader.ErrorReport.html
Unpacking /home/spire/ti/ccs1281/ccs/ccs_base/scripting/docs/DS_API/com/ti/debug/engine/scripting/setup/SystemSetupReader.Cpu.html
Unpacking /home/spire/ti/ccs1281/ccs/ccs_base/scripting/docs/DS_API/com/ti/debug/engine/scripting/setup/package-summary.html
Unpacking /home/spire/ti/ccs1281/ccs/ccs_base/scripting/docs/DS_API/com/ti/debug/engine/scripting/setup/SystemSetupEditor.FilteredListProperty.html
Unpacking /home/spire/ti/ccs1281/ccs/ccs_base/scripting/docs/DS_API/com/ti/debug/engine/scripting/setup/SystemSetupWriter.html
Unpacking /home/spire/ti/ccs1281/ccs/ccs_base/scripting/docs/DS_API/com/ti/debug/engine/scripting/setup/SystemSetupEditor.NumberProperty.html
Unpacking /home/spire/ti/ccs1281/ccs/ccs_base/scripting/docs/DS_API/com/ti/debug/engine/scripting/setup/SystemSetupEditor.ConnectionDropListProperty.html
Unpacking /home/spire/ti/ccs1281/ccs/ccs_base/scripting/docs/DS_API/com/ti/debug/engine/scripting/setup/package-use.html
Unpacking /home/spire/ti/ccs1281/ccs/ccs_base/scripting/docs/DS_API/com/ti/debug/engine/scripting/setup/package-tree.html
Unpacking /home/spire/ti/ccs1281/ccs/ccs_base/scripting/docs/DS_API/com/ti/debug/engine/scripting/setup/ProcessorID.html
Unpacking /home/spire/ti/ccs1281/ccs/ccs_base/scripting/docs/DS_API/com/ti/debug/engine/scripting/setup/SystemSetupReader.ISystemSetupFileStamp.html
Unpacking /home/spire/ti/ccs1281/ccs/ccs_base/scripting/docs/DS_API/com/ti/debug/engine/scripting/setup/SystemSetupEditor.IChangedListener.html
Unpacking /home/spire/ti/ccs1281/ccs/ccs_base/scripting/docs/DS_API/com/ti/debug/engine/scripting/setup/SystemSetupEditor.SelectAndBrowseProperty.html
Unpacking /home/spire/ti/ccs1281/ccs/ccs_base/scripting/docs/DS_API/com/ti/debug/engine/scripting/setup/SystemSetupReader.SystemRoot.html
Unpacking /home/spire/ti/ccs1281/ccs/ccs_base/scripting/docs/DS_API/com/ti/debug/engine/scripting/setup/XMLParser.html
Unpacking /home/spire/ti/ccs1281/ccs/ccs_base/scripting/docs/DS_API/com/ti/debug/engine/scripting/setup/HardwareDbException.html
Unpacking /home/spire/ti/ccs1281/ccs/ccs_base/scripting/docs/DS_API/com/ti/debug/engine/scripting/setup/IFlatSystemSetupFile.html
Unpacking /home/spire/ti/ccs1281/ccs/ccs_base/scripting/docs/DS_API/com/ti/debug/engine/scripting/setup/SystemSetupReader.Board.html
Unpacking /home/spire/ti/ccs1281/ccs/ccs_base/scripting/docs/DS_API/com/ti/debug/engine/scripting/setup/SystemSetupReader.html
Unpacking /home/spire/ti/ccs1281/ccs/ccs_base/scripting/docs/DS_API/com/ti/debug/engine/scripting/setup/SystemSetupEditor.TextProperty.html
Unpacking /home/spire/ti/ccs1281/ccs/ccs_base/scripting/docs/DS_API/com/ti/debug/engine/scripting/setup/HardwareDatabaseReader.html
Unpacking /home/spire/ti/ccs1281/ccs/ccs_base/scripting/docs/DS_API/com/ti/debug/engine/scripting/setup/SystemSetupEditor.FileProperty.html
Unpacking /home/spire/ti/ccs1281/ccs/ccs_base/scripting/docs/DS_API/com/ti/debug/engine/scripting/setup/SystemSetupEditor.html
Unpacking /home/spire/ti/ccs1281/ccs/ccs_base/scripting/docs/DS_API/com/ti/debug/engine/scripting/setup/SystemSetupWriter.SetupItem.html
Unpacking /home/spire/ti/ccs1281/ccs/ccs_base/scripting/docs/DS_API/com/ti/debug/engine/scripting/setup/HWDB.html
Unpacking /home/spire/ti/ccs1281/ccs/ccs_base/scripting/docs/DS_API/com/ti/debug/engine/scripting/setup/SystemSetupEditor.DropListProperty.html
Unpacking /home/spire/ti/ccs1281/ccs/ccs_base/scripting/docs/DS_API/com/ti/debug/engine/scripting/setup/ProcessorID.DriverType.html
Unpacking /home/spire/ti/ccs1281/ccs/ccs_base/scripting/docs/DS_API/com/ti/debug/engine/scripting/setup/SystemSetupReader.Connection.html
Unpacking /home/spire/ti/ccs1281/ccs/ccs_base/scripting/docs/DS_API/com/ti/debug/engine/scripting/setup/package-frame.html
Unpacking /home/spire/ti/ccs1281/ccs/ccs_base/scripting/docs/DS_API/com/ti/debug/engine/scripting/setup/ISystemSetupComponent.html
Unpacking /home/spire/ti/ccs1281/ccs/ccs_base/scripting/docs/DS_API/com/ti/debug/engine/scripting/setup/SystemSetupEditor.FilteredComponentList.html
Unpacking /home/spire/ti/ccs1281/ccs/ccs_base/scripting/docs/DS_API/com/ti/debug/engine/scripting/setup/SystemSetupReader.Device.html
Unpacking /home/spire/ti/ccs1281/ccs/ccs_base/scripting/docs/DS_API/com/ti/debug/engine/scripting/setup/class-use/Tag.html
Unpacking /home/spire/ti/ccs1281/ccs/ccs_base/scripting/docs/DS_API/com/ti/debug/engine/scripting/setup/class-use/SystemSetupWriter.IComponentList.html
Unpacking /home/spire/ti/ccs1281/ccs/ccs_base/scripting/docs/DS_API/com/ti/debug/engine/scripting/setup/class-use/SystemSetupWriter.ISelectDriverCallback.html
Unpacking /home/spire/ti/ccs1281/ccs/ccs_base/scripting/docs/DS_API/com/ti/debug/engine/scripting/setup/class-use/SystemSetupEditor.AbstractProperty.html
Unpacking /home/spire/ti/ccs1281/ccs/ccs_base/scripting/docs/DS_API/com/ti/debug/engine/scripting/setup/class-use/SystemSetupEditor.InfoBoxProperty.html
Unpacking /home/spire/ti/ccs1281/ccs/ccs_base/scripting/docs/DS_API/com/ti/debug/engine/scripting/setup/class-use/SystemSetupReader.ErrorReport.html
Unpacking /home/spire/ti/ccs1281/ccs/ccs_base/scripting/docs/DS_API/com/ti/debug/engine/scripting/setup/class-use/SystemSetupReader.Cpu.html
Unpacking /home/spire/ti/ccs1281/ccs/ccs_base/scripting/docs/DS_API/com/ti/debug/engine/scripting/setup/class-use/SystemSetupEditor.FilteredListProperty.html
Unpacking /home/spire/ti/ccs1281/ccs/ccs_base/scripting/docs/DS_API/com/ti/debug/engine/scripting/setup/class-use/SystemSetupWriter.html
Unpacking /home/spire/ti/ccs1281/ccs/ccs_base/scripting/docs/DS_API/com/ti/debug/engine/scripting/setup/class-use/SystemSetupEditor.NumberProperty.html
Unpacking /home/spire/ti/ccs1281/ccs/ccs_base/scripting/docs/DS_API/com/ti/debug/engine/scripting/setup/class-use/SystemSetupEditor.ConnectionDropListProperty.html
Unpacking /home/spire/ti/ccs1281/ccs/ccs_base/scripting/docs/DS_API/com/ti/debug/engine/scripting/setup/class-use/ProcessorID.html
Unpacking /home/spire/ti/ccs1281/ccs/ccs_base/scripting/docs/DS_API/com/ti/debug/engine/scripting/setup/class-use/SystemSetupReader.ISystemSetupFileStamp.html
Unpacking /home/spire/ti/ccs1281/ccs/ccs_base/scripting/docs/DS_API/com/ti/debug/engine/scripting/setup/class-use/SystemSetupEditor.IChangedListener.html
Unpacking /home/spire/ti/ccs1281/ccs/ccs_base/scripting/docs/DS_API/com/ti/debug/engine/scripting/setup/class-use/SystemSetupEditor.SelectAndBrowseProperty.html
Unpacking /home/spire/ti/ccs1281/ccs/ccs_base/scripting/docs/DS_API/com/ti/debug/engine/scripting/setup/class-use/SystemSetupReader.SystemRoot.html
Unpacking /home/spire/ti/ccs1281/ccs/ccs_base/scripting/docs/DS_API/com/ti/debug/engine/scripting/setup/class-use/XMLParser.html
Unpacking /home/spire/ti/ccs1281/ccs/ccs_base/scripting/docs/DS_API/com/ti/debug/engine/scripting/setup/class-use/HardwareDbException.html
Unpacking /home/spire/ti/ccs1281/ccs/ccs_base/scripting/docs/DS_API/com/ti/debug/engine/scripting/setup/class-use/IFlatSystemSetupFile.html
Unpacking /home/spire/ti/ccs1281/ccs/ccs_base/scripting/docs/DS_API/com/ti/debug/engine/scripting/setup/class-use/SystemSetupReader.Board.html
Unpacking /home/spire/ti/ccs1281/ccs/ccs_base/scripting/docs/DS_API/com/ti/debug/engine/scripting/setup/class-use/SystemSetupReader.html
Unpacking /home/spire/ti/ccs1281/ccs/ccs_base/scripting/docs/DS_API/com/ti/debug/engine/scripting/setup/class-use/SystemSetupEditor.TextProperty.html
Unpacking /home/spire/ti/ccs1281/ccs/ccs_base/scripting/docs/DS_API/com/ti/debug/engine/scripting/setup/class-use/HardwareDatabaseReader.html
Unpacking /home/spire/ti/ccs1281/ccs/ccs_base/scripting/docs/DS_API/com/ti/debug/engine/scripting/setup/class-use/SystemSetupEditor.FileProperty.html
Unpacking /home/spire/ti/ccs1281/ccs/ccs_base/scripting/docs/DS_API/com/ti/debug/engine/scripting/setup/class-use/SystemSetupEditor.html
Unpacking /home/spire/ti/ccs1281/ccs/ccs_base/scripting/docs/DS_API/com/ti/debug/engine/scripting/setup/class-use/SystemSetupWriter.SetupItem.html
Unpacking /home/spire/ti/ccs1281/ccs/ccs_base/scripting/docs/DS_API/com/ti/debug/engine/scripting/setup/class-use/HWDB.html
Unpacking /home/spire/ti/ccs1281/ccs/ccs_base/scripting/docs/DS_API/com/ti/debug/engine/scripting/setup/class-use/SystemSetupEditor.DropListProperty.html
Unpacking /home/spire/ti/ccs1281/ccs/ccs_base/scripting/docs/DS_API/com/ti/debug/engine/scripting/setup/class-use/ProcessorID.DriverType.html
Unpacking /home/spire/ti/ccs1281/ccs/ccs_base/scripting/docs/DS_API/com/ti/debug/engine/scripting/setup/class-use/SystemSetupReader.Connection.html
Unpacking /home/spire/ti/ccs1281/ccs/ccs_base/scripting/docs/DS_API/com/ti/debug/engine/scripting/setup/class-use/ISystemSetupComponent.html
Unpacking /home/spire/ti/ccs1281/ccs/ccs_base/scripting/docs/DS_API/com/ti/debug/engine/scripting/setup/class-use/SystemSetupEditor.FilteredComponentList.html
Unpacking /home/spire/ti/ccs1281/ccs/ccs_base/scripting/docs/DS_API/com/ti/debug/engine/scripting/setup/class-use/SystemSetupReader.Device.html
Unpacking /home/spire/ti/ccs1281/ccs/ccs_base/scripting/docs/DS_API/com/ti/ccstudio/scripting/IScriptServer.html
Unpacking /home/spire/ti/ccs1281/ccs/ccs_base/scripting/docs/DS_API/com/ti/ccstudio/scripting/package-summary.html
Unpacking /home/spire/ti/ccs1281/ccs/ccs_base/scripting/docs/DS_API/com/ti/ccstudio/scripting/IScriptSession.html
Unpacking /home/spire/ti/ccs1281/ccs/ccs_base/scripting/docs/DS_API/com/ti/ccstudio/scripting/package-use.html
Unpacking /home/spire/ti/ccs1281/ccs/ccs_base/scripting/docs/DS_API/com/ti/ccstudio/scripting/package-tree.html
Unpacking /home/spire/ti/ccs1281/ccs/ccs_base/scripting/docs/DS_API/com/ti/ccstudio/scripting/package-frame.html
Unpacking /home/spire/ti/ccs1281/ccs/ccs_base/scripting/docs/DS_API/com/ti/ccstudio/scripting/class-use/IScriptServer.html
Unpacking /home/spire/ti/ccs1281/ccs/ccs_base/scripting/docs/DS_API/com/ti/ccstudio/scripting/class-use/IScriptSession.html
Unpacking /home/spire/ti/ccs1281/ccs/ccs_base/scripting/docs/DS_API/com/ti/ccstudio/scripting/environment/package-summary.html
Unpacking /home/spire/ti/ccs1281/ccs/ccs_base/scripting/docs/DS_API/com/ti/ccstudio/scripting/environment/ScriptingEnvironment.html
Unpacking /home/spire/ti/ccs1281/ccs/ccs_base/scripting/docs/DS_API/com/ti/ccstudio/scripting/environment/TraceLevel.html
Unpacking /home/spire/ti/ccs1281/ccs/ccs_base/scripting/docs/DS_API/com/ti/ccstudio/scripting/environment/package-use.html
Unpacking /home/spire/ti/ccs1281/ccs/ccs_base/scripting/docs/DS_API/com/ti/ccstudio/scripting/environment/package-tree.html
Unpacking /home/spire/ti/ccs1281/ccs/ccs_base/scripting/docs/DS_API/com/ti/ccstudio/scripting/environment/ScriptingException.html
Unpacking /home/spire/ti/ccs1281/ccs/ccs_base/scripting/docs/DS_API/com/ti/ccstudio/scripting/environment/ScriptingTimeout.html
Unpacking /home/spire/ti/ccs1281/ccs/ccs_base/scripting/docs/DS_API/com/ti/ccstudio/scripting/environment/Error.html
Unpacking /home/spire/ti/ccs1281/ccs/ccs_base/scripting/docs/DS_API/com/ti/ccstudio/scripting/environment/ErrorHandler.html
Unpacking /home/spire/ti/ccs1281/ccs/ccs_base/scripting/docs/DS_API/com/ti/ccstudio/scripting/environment/SessionAwareFileHandler.html
Unpacking /home/spire/ti/ccs1281/ccs/ccs_base/scripting/docs/DS_API/com/ti/ccstudio/scripting/environment/package-frame.html
Unpacking /home/spire/ti/ccs1281/ccs/ccs_base/scripting/docs/DS_API/com/ti/ccstudio/scripting/environment/class-use/ScriptingEnvironment.html
Unpacking /home/spire/ti/ccs1281/ccs/ccs_base/scripting/docs/DS_API/com/ti/ccstudio/scripting/environment/class-use/TraceLevel.html
Unpacking /home/spire/ti/ccs1281/ccs/ccs_base/scripting/docs/DS_API/com/ti/ccstudio/scripting/environment/class-use/ScriptingException.html
Unpacking /home/spire/ti/ccs1281/ccs/ccs_base/scripting/docs/DS_API/com/ti/ccstudio/scripting/environment/class-use/ScriptingTimeout.html
Unpacking /home/spire/ti/ccs1281/ccs/ccs_base/scripting/docs/DS_API/com/ti/ccstudio/scripting/environment/class-use/Error.html
Unpacking /home/spire/ti/ccs1281/ccs/ccs_base/scripting/docs/DS_API/com/ti/ccstudio/scripting/environment/class-use/ErrorHandler.html
Unpacking /home/spire/ti/ccs1281/ccs/ccs_base/scripting/docs/DS_API/com/ti/ccstudio/scripting/environment/class-use/SessionAwareFileHandler.html
Unpacking /home/spire/ti/ccs1281/ccs/ccs_base/scripting/docs/DS_API/index-files/index-21.html
Unpacking /home/spire/ti/ccs1281/ccs/ccs_base/scripting/docs/DS_API/index-files/index-8.html
Unpacking /home/spire/ti/ccs1281/ccs/ccs_base/scripting/docs/DS_API/index-files/index-23.html
Unpacking /home/spire/ti/ccs1281/ccs/ccs_base/scripting/docs/DS_API/index-files/index-17.html
Unpacking /home/spire/ti/ccs1281/ccs/ccs_base/scripting/docs/DS_API/index-files/index-7.html
Unpacking /home/spire/ti/ccs1281/ccs/ccs_base/scripting/docs/DS_API/index-files/index-11.html
Unpacking /home/spire/ti/ccs1281/ccs/ccs_base/scripting/docs/DS_API/index-files/index-3.html
Unpacking /home/spire/ti/ccs1281/ccs/ccs_base/scripting/docs/DS_API/index-files/index-12.html
Unpacking /home/spire/ti/ccs1281/ccs/ccs_base/scripting/docs/DS_API/index-files/index-1.html
Unpacking /home/spire/ti/ccs1281/ccs/ccs_base/scripting/docs/DS_API/index-files/index-6.html
Unpacking /home/spire/ti/ccs1281/ccs/ccs_base/scripting/docs/DS_API/index-files/index-18.html
Unpacking /home/spire/ti/ccs1281/ccs/ccs_base/scripting/docs/DS_API/index-files/index-16.html
Unpacking /home/spire/ti/ccs1281/ccs/ccs_base/scripting/docs/DS_API/index-files/index-15.html
Unpacking /home/spire/ti/ccs1281/ccs/ccs_base/scripting/docs/DS_API/index-files/index-13.html
Unpacking /home/spire/ti/ccs1281/ccs/ccs_base/scripting/docs/DS_API/index-files/index-19.html
Unpacking /home/spire/ti/ccs1281/ccs/ccs_base/scripting/docs/DS_API/index-files/index-9.html
Unpacking /home/spire/ti/ccs1281/ccs/ccs_base/scripting/docs/DS_API/index-files/index-2.html
Unpacking /home/spire/ti/ccs1281/ccs/ccs_base/scripting/docs/DS_API/index-files/index-14.html
Unpacking /home/spire/ti/ccs1281/ccs/ccs_base/scripting/docs/DS_API/index-files/index-22.html
Unpacking /home/spire/ti/ccs1281/ccs/ccs_base/scripting/docs/DS_API/index-files/index-4.html
Unpacking /home/spire/ti/ccs1281/ccs/ccs_base/scripting/docs/DS_API/index-files/index-20.html
Unpacking /home/spire/ti/ccs1281/ccs/ccs_base/scripting/docs/DS_API/index-files/index-10.html
Unpacking /home/spire/ti/ccs1281/ccs/ccs_base/scripting/docs/DS_API/index-files/index-5.html
Directory already exists: /home/spire/ti/ccs1281/ccs/ccs_base
Directory already exists: /home/spire/ti/ccs1281/ccs/ccs_base/emulation
Creating directory /home/spire/ti/ccs1281/ccs/ccs_base/emulation/tpi
Unpacking files
Unpacking /home/spire/ti/ccs1281/ccs/ccs_base/emulation/tpi/tpi_ds.ini
Unpacking /home/spire/ti/ccs1281/ccs/ccs_base/emulation/tpi/libTPIMSP430.so
Directory already exists: /home/spire/ti/ccs1281/ccs/ccs_base
Creating directory /home/spire/ti/ccs1281/ccs/ccs_base/dsbuildrepo
Creating directory /home/spire/ti/ccs1281/ccs/ccs_base/dsbuildrepo/features
Creating directory /home/spire/ti/ccs1281/ccs/ccs_base/dsbuildrepo/plugins
Unpacking files
Unpacking /home/spire/ti/ccs1281/ccs/ccs_base/dsbuildrepo/artifacts.xml
Unpacking /home/spire/ti/ccs1281/ccs/ccs_base/dsbuildrepo/content.xml
Unpacking /home/spire/ti/ccs1281/ccs/ccs_base/dsbuildrepo/features/com.ti.ccstudio.base_12.8.0.03471.jar
Unpacking /home/spire/ti/ccs1281/ccs/ccs_base/dsbuildrepo/plugins/com.ti.ccstudio.base_12.8.0.03471.jar
Directory already exists: /home/spire/ti/ccs1281/ccs/ccs_base/common/targetdb/connections
Unpacking files
Unpacking /home/spire/ti/ccs1281/ccs/ccs_base/common/targetdb/connections/DataSnapshotViewer.xml
Unpacking /home/spire/ti/ccs1281/ccs/ccs_base/common/targetdb/connections/uart_connection.xml
Directory already exists: /home/spire/ti/ccs1281/ccs
Creating directory /home/spire/ti/ccs1281/ccs/scripting
Creating directory /home/spire/ti/ccs1281/ccs/scripting/node_modules
Creating directory /home/spire/ti/ccs1281/ccs/scripting/node_modules/scripting
Creating directory /home/spire/ti/ccs1281/ccs/scripting/node_modules/scripting/generated-types
Creating directory /home/spire/ti/ccs1281/ccs/scripting/node_modules/scripting/generated-types/Scripting
Creating directory /home/spire/ti/ccs1281/ccs/scripting/node_modules/scripting/generated-types/Scripting/TaskObjects
Creating directory /home/spire/ti/ccs1281/ccs/scripting/node_modules/scripting/generated-types/Scripting/DebuggerObjects
Creating directory /home/spire/ti/ccs1281/ccs/scripting/examples
Creating directory /home/spire/ti/ccs1281/ccs/scripting/examples/debugger
Creating directory /home/spire/ti/ccs1281/ccs/scripting/examples/debugger/mspm0g3507
Creating directory /home/spire/ti/ccs1281/ccs/scripting/docs
Creating directory /home/spire/ti/ccs1281/ccs/scripting/docs/assets
Creating directory /home/spire/ti/ccs1281/ccs/scripting/docs/functions
Creating directory /home/spire/ti/ccs1281/ccs/scripting/docs/classes
Creating directory /home/spire/ti/ccs1281/ccs/scripting/docs/types
Creating directory /home/spire/ti/ccs1281/ccs/scripting/docs/interfaces
Creating directory /home/spire/ti/ccs1281/ccs/scripting/docs/modules
Unpacking files
Unpacking /home/spire/ti/ccs1281/ccs/scripting/launcher.mjs
Unpacking /home/spire/ti/ccs1281/ccs/scripting/run.bat
Unpacking /home/spire/ti/ccs1281/ccs/scripting/run.sh
Unpacking /home/spire/ti/ccs1281/ccs/scripting/node_modules/scripting/index.d.ts
Unpacking /home/spire/ti/ccs1281/ccs/scripting/node_modules/scripting/scriptingWrapper.js
Unpacking /home/spire/ti/ccs1281/ccs/scripting/node_modules/scripting/errors.d.ts
Unpacking /home/spire/ti/ccs1281/ccs/scripting/node_modules/scripting/errors.js
Unpacking /home/spire/ti/ccs1281/ccs/scripting/node_modules/scripting/index.js
Unpacking /home/spire/ti/ccs1281/ccs/scripting/node_modules/scripting/scriptingWrapper.d.ts
Unpacking /home/spire/ti/ccs1281/ccs/scripting/node_modules/scripting/package.json
Unpacking /home/spire/ti/ccs1281/ccs/scripting/node_modules/scripting/syncAgent.js
Unpacking /home/spire/ti/ccs1281/ccs/scripting/node_modules/scripting/syncAgent.d.ts
Unpacking /home/spire/ti/ccs1281/ccs/scripting/node_modules/scripting/generated-types/Scripting/index.d.ts
Unpacking /home/spire/ti/ccs1281/ccs/scripting/node_modules/scripting/generated-types/Scripting/common.d.ts
Unpacking /home/spire/ti/ccs1281/ccs/scripting/node_modules/scripting/generated-types/Scripting/TaskObjects/Flash.d.ts
Unpacking /home/spire/ti/ccs1281/ccs/scripting/node_modules/scripting/generated-types/Scripting/TaskObjects/TaskRootObject.d.ts
Unpacking /home/spire/ti/ccs1281/ccs/scripting/node_modules/scripting/generated-types/Scripting/TaskObjects/GlobalBreakpoint.d.ts
Unpacking /home/spire/ti/ccs1281/ccs/scripting/node_modules/scripting/generated-types/Scripting/TaskObjects/Settings.d.ts
Unpacking /home/spire/ti/ccs1281/ccs/scripting/node_modules/scripting/generated-types/Scripting/TaskObjects/Expressions.d.ts
Unpacking /home/spire/ti/ccs1281/ccs/scripting/node_modules/scripting/generated-types/Scripting/TaskObjects/Registers.d.ts
Unpacking /home/spire/ti/ccs1281/ccs/scripting/node_modules/scripting/generated-types/Scripting/TaskObjects/Breakpoints.d.ts
Unpacking /home/spire/ti/ccs1281/ccs/scripting/node_modules/scripting/generated-types/Scripting/TaskObjects/Memory.d.ts
Unpacking /home/spire/ti/ccs1281/ccs/scripting/node_modules/scripting/generated-types/Scripting/TaskObjects/Target.d.ts
Unpacking /home/spire/ti/ccs1281/ccs/scripting/node_modules/scripting/generated-types/Scripting/DebuggerObjects/DebuggerRootObject.d.ts
Unpacking /home/spire/ti/ccs1281/ccs/scripting/node_modules/scripting/generated-types/Scripting/DebuggerObjects/Simultaneous.d.ts
Unpacking /home/spire/ti/ccs1281/ccs/scripting/examples/debugger/interactive.js
Unpacking /home/spire/ti/ccs1281/ccs/scripting/examples/debugger/breakpoint.js
Unpacking /home/spire/ti/ccs1281/ccs/scripting/examples/debugger/mspm0g3507/modem.out
Unpacking /home/spire/ti/ccs1281/ccs/scripting/examples/debugger/mspm0g3507/mspm0g3507.ccxml
Unpacking /home/spire/ti/ccs1281/ccs/scripting/docs/index.html
Unpacking /home/spire/ti/ccs1281/ccs/scripting/docs/modules.html
Unpacking /home/spire/ti/ccs1281/ccs/scripting/docs/assets/search.js
Unpacking /home/spire/ti/ccs1281/ccs/scripting/docs/assets/main.js
Unpacking /home/spire/ti/ccs1281/ccs/scripting/docs/assets/highlight.css
Unpacking /home/spire/ti/ccs1281/ccs/scripting/docs/assets/style.css
Unpacking /home/spire/ti/ccs1281/ccs/scripting/docs/functions/initScripting.html
Unpacking /home/spire/ti/ccs1281/ccs/scripting/docs/functions/sleep.html
Unpacking /home/spire/ti/ccs1281/ccs/scripting/docs/classes/ScriptingTimeoutError.html
Unpacking /home/spire/ti/ccs1281/ccs/scripting/docs/types/Types.Page.html
Unpacking /home/spire/ti/ccs1281/ccs/scripting/docs/types/Types.BreakpointProperty.html
Unpacking /home/spire/ti/ccs1281/ccs/scripting/docs/types/ScriptingOptions.html
Unpacking /home/spire/ti/ccs1281/ccs/scripting/docs/types/Types.DebugSetting.html
Unpacking /home/spire/ti/ccs1281/ccs/scripting/docs/types/Types.DSLocation.html
Unpacking /home/spire/ti/ccs1281/ccs/scripting/docs/types/Types.Address.html
Unpacking /home/spire/ti/ccs1281/ccs/scripting/docs/interfaces/Breakpoints.html
Unpacking /home/spire/ti/ccs1281/ccs/scripting/docs/interfaces/Types.StringBreakpointProperty.html
Unpacking /home/spire/ti/ccs1281/ccs/scripting/docs/interfaces/Types.StringSetting.html
Unpacking /home/spire/ti/ccs1281/ccs/scripting/docs/interfaces/Types.BoolSetting.html
Unpacking /home/spire/ti/ccs1281/ccs/scripting/docs/interfaces/Flash.html
Unpacking /home/spire/ti/ccs1281/ccs/scripting/docs/interfaces/GlobalBreakpoint.html
Unpacking /home/spire/ti/ccs1281/ccs/scripting/docs/interfaces/Target.html
Unpacking /home/spire/ti/ccs1281/ccs/scripting/docs/interfaces/Types.BaseSetting.html
Unpacking /home/spire/ti/ccs1281/ccs/scripting/docs/interfaces/Types.BoolBreakpointProperty.html
Unpacking /home/spire/ti/ccs1281/ccs/scripting/docs/interfaces/Registers.html
Unpacking /home/spire/ti/ccs1281/ccs/scripting/docs/interfaces/Types.IntegerBreakpointProperty.html
Unpacking /home/spire/ti/ccs1281/ccs/scripting/docs/interfaces/Memory.html
Unpacking /home/spire/ti/ccs1281/ccs/scripting/docs/interfaces/Types.NumericSetting.html
Unpacking /home/spire/ti/ccs1281/ccs/scripting/docs/interfaces/DebugSession.html
Unpacking /home/spire/ti/ccs1281/ccs/scripting/docs/interfaces/Simultaneous.html
Unpacking /home/spire/ti/ccs1281/ccs/scripting/docs/interfaces/Expressions.html
Unpacking /home/spire/ti/ccs1281/ccs/scripting/docs/interfaces/DebuggerScripting.html
Unpacking /home/spire/ti/ccs1281/ccs/scripting/docs/interfaces/Settings.html
Unpacking /home/spire/ti/ccs1281/ccs/scripting/docs/interfaces/Types.BigNumericRange.html
Unpacking /home/spire/ti/ccs1281/ccs/scripting/docs/interfaces/Types.BaseBreakpointProperty.html
Unpacking /home/spire/ti/ccs1281/ccs/scripting/docs/interfaces/Types.NumericRange.html
Unpacking /home/spire/ti/ccs1281/ccs/scripting/docs/interfaces/Types.CoreList.html
Unpacking /home/spire/ti/ccs1281/ccs/scripting/docs/interfaces/Types.LocationBreakpointProperty.html
Unpacking /home/spire/ti/ccs1281/ccs/scripting/docs/modules/Types.html
Unpacking /home/spire/ti/ccs1281/ccs/scripting/docs/.nojekyll
[10:54:03] deletelist = common/bin/liblldb_ccs.dll

[10:54:03] Start runProgram here. Variables: /home/spire/ti/ccs1281/ccs/eclipse/eclipse true  -application com.ti.ccstudio.p2app -installiu com.ti.ccstudio.base.feature.group -repository "file://home/spire/ti/ccs1281/ccs/ccs_base/dsbuildrepo" -destination "/home/spire/ti/ccs1281/ccs/eclipse" -nosplash
[10:54:03] check if base plugin exists
[10:54:03] running eclipse commands; plugin exists = false
[10:54:03] 1 0
Executing /home/spire/ti/ccs1281/ccs/eclipse/eclipse  -application com.ti.ccstudio.p2app -installiu com.ti.ccstudio.base.feature.group -repository "file://home/spire/ti/ccs1281/ccs/ccs_base/dsbuildrepo" -destination "/home/spire/ti/ccs1281/ccs/eclipse" -nosplash
Script exit code: 0

Script output:
 Preparing to commit the provisioning operation.
Committing the provisioning operation.
Installing com.ti.ccstudio.base.feature.group 12.8.0.03471.
Downloading com.ti.ccstudio.base
Installing com.ti.ccstudio.base
Installing com.ti.ccstudio.base.feature.group
Installing com.ti.ccstudio.base.feature.jar
Configuring com.ti.ccstudio.base
Configuring com.ti.ccstudio.base.feature.group
Configuring com.ti.ccstudio.base.feature.jar
Preparing to commit the provisioning operation.
Committing the provisioning operation.
Preparing to commit the provisioning operation.
Committing the provisioning operation.
Operation completed in 3885 ms.

Script stderr:
 SLF4J: Failed to load class "org.slf4j.impl.StaticLoggerBinder".
SLF4J: Defaulting to no-operation (NOP) logger implementation
SLF4J: See http://www.slf4j.org/codes.html#StaticLoggerBinder for further details.

[10:54:10] 0 0
[10:54:10] copying properties file
Executing chmod -R 666 "/tmp/installbuilder_installer_9412.log"
Script exit code: 0

Script output:
 

Script stderr:
 

