Log started 10/18/2024 at 10:53:32
Preferred installation mode : unattended
Trying to init installer in mode unattended
Mode unattended successfully initialized
[10:53:32] Error reading AppFolder property from /home/spire/ti/ccs1281/ccs/eclipse/ccs.properties
[10:53:32] Using default AppFolder property Texas Instruments/Code Composer Studio
[10:53:32] eclipsedir = /home/spire/ti/ccs1281/ccs/eclipse
Preparing to Install
Preparing to Install
Directory already exists: /home/spire/ti/ccs1281/ccs/ccs_base/common
Directory already exists: /home/spire/ti/ccs1281/ccs/ccs_base/common/targetdb
Creating directory /home/spire/ti/ccs1281/ccs/ccs_base/common/targetdb/drivers
Creating directory /home/spire/ti/ccs1281/ccs/ccs_base/common/targetdb/drivers/TI_reg_ids
Unpacking files
Unpacking /home/spire/ti/ccs1281/ccs/ccs_base/common/targetdb/drivers/msp430_emu.xml
Unpacking /home/spire/ti/ccs1281/ccs/ccs_base/common/targetdb/drivers/TI_reg_ids/MSP430_regids.xml
Creating directory /home/spire/ti/ccs1281/ccs/ccs_base/DebugServer
Creating directory /home/spire/ti/ccs1281/ccs/ccs_base/DebugServer/drivers
Unpacking files
Unpacking /home/spire/ti/ccs1281/ccs/ccs_base/DebugServer/drivers/libmsp430.so
Directory already exists: /home/spire/ti/ccs1281/ccs/ccs_base/msp430
Unpacking files
Unpacking /home/spire/ti/ccs1281/ccs/ccs_base/msp430/ReleaseNotes_MSP430_EmulatorsFiles.txt
Directory already exists: /home/spire/ti/ccs1281/ccs/ccs_base/common
Directory already exists: /home/spire/ti/ccs1281/ccs/ccs_base/common/targetdb
Directory already exists: /home/spire/ti/ccs1281/ccs/ccs_base/common/targetdb/drivers
Unpacking files
Unpacking /home/spire/ti/ccs1281/ccs/ccs_base/common/targetdb/drivers/msp430_emu.xml
Creating directory /home/spire/ti/ccs1281/ccs/install_scripts
Unpacking files
Unpacking /home/spire/ti/ccs1281/ccs/install_scripts/70-mm-no-ti-emulators.rules
Unpacking /home/spire/ti/ccs1281/ccs/install_scripts/msp430uif_install.sh
Creating directory /home/spire/ti/ccs1281/ccs/ccs_base/common/targetdb/connections
Unpacking files
Unpacking /home/spire/ti/ccs1281/ccs/ccs_base/common/targetdb/connections/TIMSP430-USB.xml
Unpacking /home/spire/ti/ccs1281/ccs/ccs_base/common/targetdb/connections/TIMSP430-USB2.xml
Unpacking /home/spire/ti/ccs1281/ccs/ccs_base/common/targetdb/connections/TIMSP430-USB3.xml
Executing chmod -R 666 "/tmp/installbuilder_installer_9217.log"
Script exit code: 0

Script output:
 

Script stderr:
 

Creating Uninstaller
Creating uninstaller 25%
Creating uninstaller 50%
Creating uninstaller 75%
Creating uninstaller 100%
Installation completed
Log finished 10/18/2024 at 10:53:33
Exiting with code 0
