Log started 10/18/2024 at 10:53:56
Preferred installation mode : unattended
Trying to init installer in mode unattended
Mode unattended successfully initialized
[10:53:56] Error reading AppFolder property from /home/spire/ti/ccs1281/ccs/eclipse/ccs.properties
[10:53:56] Using default AppFolder property Texas Instruments/Code Composer Studio
[10:53:56] eclipsedir = /home/spire/ti/ccs1281/ccs/eclipse
Preparing to Install
Preparing to Install
Directory already exists: /home/spire/ti/ccs1281/ccs/ccs_base
Directory already exists: /home/spire/ti/ccs1281/ccs/ccs_base/DebugServer
Creating directory /home/spire/ti/ccs1281/ccs/ccs_base/DebugServer/propertyDB
Unpacking files
Unpacking /home/spire/ti/ccs1281/ccs/ccs_base/DebugServer/propertyDB/MSP432E401Y_FlashProperties.xml
Unpacking /home/spire/ti/ccs1281/ccs/ccs_base/DebugServer/propertyDB/MSP432E411Y_FlashProperties.xml
Unpacking /home/spire/ti/ccs1281/ccs/ccs_base/DebugServer/propertyDB/MSP432P4011_FlashProperties.xml
Unpacking /home/spire/ti/ccs1281/ccs/ccs_base/DebugServer/propertyDB/MSP432P401M_FlashProperties.xml
Unpacking /home/spire/ti/ccs1281/ccs/ccs_base/DebugServer/propertyDB/MSP432P401R_FlashProperties.xml
Unpacking /home/spire/ti/ccs1281/ccs/ccs_base/DebugServer/propertyDB/MSP432P401V_FlashProperties.xml
Unpacking /home/spire/ti/ccs1281/ccs/ccs_base/DebugServer/propertyDB/MSP432P401Y_FlashProperties.xml
Unpacking /home/spire/ti/ccs1281/ccs/ccs_base/DebugServer/propertyDB/MSP432P4111_FlashProperties.xml
Unpacking /home/spire/ti/ccs1281/ccs/ccs_base/DebugServer/propertyDB/MSP432P411V_FlashProperties.xml
Unpacking /home/spire/ti/ccs1281/ccs/ccs_base/DebugServer/propertyDB/MSP432P411Y_FlashProperties.xml
Creating directory /home/spire/ti/ccs1281/ccs/ccs_base/DebugServer/bin
Unpacking files
Unpacking /home/spire/ti/ccs1281/ccs/ccs_base/DebugServer/bin/libFlashMSP432.so
Directory already exists: /home/spire/ti/ccs1281/ccs/ccs_base/DebugServer/bin
Unpacking files
Unpacking /home/spire/ti/ccs1281/ccs/ccs_base/DebugServer/bin/ReleaseNotes_MSP432_FlashPack.txt
Executing chmod -R 666 "/tmp/bitrock_installer_9389.log"
Script exit code: 0

Script output:
 

Script stderr:
 

Creating Uninstaller
Creating uninstaller 25%
Creating uninstaller 50%
Creating uninstaller 75%
Creating uninstaller 100%
Installation completed
Log finished 10/18/2024 at 10:53:57
